mode: set
gitlab.alipay-inc.com/antcloud-devops/cafeautoscaler/pkg/autoscaler/anomaly/detector.go:13.61,17.2 1 1
gitlab.alipay-inc.com/antcloud-devops/cafeautoscaler/pkg/autoscaler/anomaly/detector.go:19.68,21.2 1 0
gitlab.alipay-inc.com/antcloud-devops/cafeautoscaler/pkg/autoscaler/anomaly/detector.go:23.53,25.22 2 1
gitlab.alipay-inc.com/antcloud-devops/cafeautoscaler/pkg/autoscaler/anomaly/detector.go:25.22,26.31 1 1
gitlab.alipay-inc.com/antcloud-devops/cafeautoscaler/pkg/autoscaler/anomaly/detector.go:26.31,28.4 1 1
gitlab.alipay-inc.com/antcloud-devops/cafeautoscaler/pkg/autoscaler/anomaly/detector.go:32.50,33.15 1 1
gitlab.alipay-inc.com/antcloud-devops/cafeautoscaler/pkg/autoscaler/anomaly/detector.go:36.2,37.35 2 1
gitlab.alipay-inc.com/antcloud-devops/cafeautoscaler/pkg/autoscaler/anomaly/detector.go:33.15,35.3 1 1
gitlab.alipay-inc.com/antcloud-devops/cafeautoscaler/pkg/autoscaler/anomaly/detector.go:40.48,42.2 1 1
gitlab.alipay-inc.com/antcloud-devops/cafeautoscaler/pkg/autoscaler/config.go:40.64,53.5 2 1
gitlab.alipay-inc.com/antcloud-devops/cafeautoscaler/pkg/autoscaler/config.go:63.2,63.16 1 1
gitlab.alipay-inc.com/antcloud-devops/cafeautoscaler/pkg/autoscaler/config.go:53.5,54.36 1 1
gitlab.alipay-inc.com/antcloud-devops/cafeautoscaler/pkg/autoscaler/config.go:54.36,56.4 1 1
gitlab.alipay-inc.com/antcloud-devops/cafeautoscaler/pkg/autoscaler/config.go:56.9,56.65 1 1
gitlab.alipay-inc.com/antcloud-devops/cafeautoscaler/pkg/autoscaler/config.go:56.65,58.4 1 1
gitlab.alipay-inc.com/antcloud-devops/cafeautoscaler/pkg/autoscaler/config.go:58.9,60.4 1 1
gitlab.alipay-inc.com/antcloud-devops/cafeautoscaler/pkg/autoscaler/config.go:67.75,69.2 1 1
gitlab.alipay-inc.com/antcloud-devops/cafeautoscaler/pkg/autoscaler/zz_generated.deepcopy.go:23.45,26.2 2 0
gitlab.alipay-inc.com/antcloud-devops/cafeautoscaler/pkg/autoscaler/zz_generated.deepcopy.go:29.38,30.15 1 0
gitlab.alipay-inc.com/antcloud-devops/cafeautoscaler/pkg/autoscaler/zz_generated.deepcopy.go:33.2,35.12 3 0
gitlab.alipay-inc.com/antcloud-devops/cafeautoscaler/pkg/autoscaler/zz_generated.deepcopy.go:30.15,32.3 1 0
gitlab.alipay-inc.com/antcloud-devops/cafeautoscaler/pkg/apis/autoscaling/v1/anthpa_types.go:232.39,233.18 1 1
gitlab.alipay-inc.com/antcloud-devops/cafeautoscaler/pkg/apis/autoscaling/v1/anthpa_types.go:236.2,236.13 1 1
gitlab.alipay-inc.com/antcloud-devops/cafeautoscaler/pkg/apis/autoscaling/v1/anthpa_types.go:233.18,235.3 1 1
gitlab.alipay-inc.com/antcloud-devops/cafeautoscaler/pkg/apis/autoscaling/v1/anthpa_types.go:239.38,240.18 1 1
gitlab.alipay-inc.com/antcloud-devops/cafeautoscaler/pkg/apis/autoscaling/v1/anthpa_types.go:243.2,243.13 1 1
gitlab.alipay-inc.com/antcloud-devops/cafeautoscaler/pkg/apis/autoscaling/v1/anthpa_types.go:240.18,242.3 1 1
gitlab.alipay-inc.com/antcloud-devops/cafeautoscaler/pkg/apis/autoscaling/v1/anthpa_types.go:290.60,292.2 1 1
gitlab.alipay-inc.com/antcloud-devops/cafeautoscaler/pkg/apis/autoscaling/v1/anthpa_types.go:374.75,376.41 2 1
gitlab.alipay-inc.com/antcloud-devops/cafeautoscaler/pkg/apis/autoscaling/v1/anthpa_types.go:391.2,391.11 1 1
gitlab.alipay-inc.com/antcloud-devops/cafeautoscaler/pkg/apis/autoscaling/v1/anthpa_types.go:376.41,379.62 1 1
gitlab.alipay-inc.com/antcloud-devops/cafeautoscaler/pkg/apis/autoscaling/v1/anthpa_types.go:379.62,388.4 1 1
gitlab.alipay-inc.com/antcloud-devops/cafeautoscaler/pkg/apis/autoscaling/v1/anthpa_types.go:394.78,401.31 3 1
gitlab.alipay-inc.com/antcloud-devops/cafeautoscaler/pkg/apis/autoscaling/v1/anthpa_types.go:406.2,406.41 1 1
gitlab.alipay-inc.com/antcloud-devops/cafeautoscaler/pkg/apis/autoscaling/v1/anthpa_types.go:417.2,417.34 1 1
gitlab.alipay-inc.com/antcloud-devops/cafeautoscaler/pkg/apis/autoscaling/v1/anthpa_types.go:401.31,402.41 1 1
gitlab.alipay-inc.com/antcloud-devops/cafeautoscaler/pkg/apis/autoscaling/v1/anthpa_types.go:402.41,404.4 1 1
gitlab.alipay-inc.com/antcloud-devops/cafeautoscaler/pkg/apis/autoscaling/v1/anthpa_types.go:406.41,408.65 2 1
gitlab.alipay-inc.com/antcloud-devops/cafeautoscaler/pkg/apis/autoscaling/v1/anthpa_types.go:408.65,414.4 5 1
gitlab.alipay-inc.com/antcloud-devops/cafeautoscaler/pkg/apis/autoscaling/v1/anthpa_types.go:417.34,426.3 1 1
gitlab.alipay-inc.com/antcloud-devops/cafeautoscaler/pkg/apis/autoscaling/v1/anthpa_types.go:439.81,441.44 2 1
gitlab.alipay-inc.com/antcloud-devops/cafeautoscaler/pkg/apis/autoscaling/v1/anthpa_types.go:446.2,446.64 1 1
gitlab.alipay-inc.com/antcloud-devops/cafeautoscaler/pkg/apis/autoscaling/v1/anthpa_types.go:441.44,442.36 1 1
gitlab.alipay-inc.com/antcloud-devops/cafeautoscaler/pkg/apis/autoscaling/v1/anthpa_types.go:442.36,444.4 1 1
gitlab.alipay-inc.com/antcloud-devops/cafeautoscaler/pkg/apis/autoscaling/v1/anthpa_types.go:449.79,451.42 2 1
gitlab.alipay-inc.com/antcloud-devops/cafeautoscaler/pkg/apis/autoscaling/v1/anthpa_types.go:456.2,456.62 1 1
gitlab.alipay-inc.com/antcloud-devops/cafeautoscaler/pkg/apis/autoscaling/v1/anthpa_types.go:451.42,452.34 1 1
gitlab.alipay-inc.com/antcloud-devops/cafeautoscaler/pkg/apis/autoscaling/v1/anthpa_types.go:452.34,454.4 1 1
gitlab.alipay-inc.com/antcloud-devops/cafeautoscaler/pkg/apis/autoscaling/v1/anthpa_types.go:459.53,460.49 1 1
gitlab.alipay-inc.com/antcloud-devops/cafeautoscaler/pkg/apis/autoscaling/v1/anthpa_types.go:463.2,463.61 1 1
gitlab.alipay-inc.com/antcloud-devops/cafeautoscaler/pkg/apis/autoscaling/v1/anthpa_types.go:460.49,462.3 1 1
gitlab.alipay-inc.com/antcloud-devops/cafeautoscaler/pkg/apis/autoscaling/v1/anthpa_types.go:466.52,467.49 1 1
gitlab.alipay-inc.com/antcloud-devops/cafeautoscaler/pkg/apis/autoscaling/v1/anthpa_types.go:471.2,471.61 1 1
gitlab.alipay-inc.com/antcloud-devops/cafeautoscaler/pkg/apis/autoscaling/v1/anthpa_types.go:467.49,469.3 1 1
gitlab.alipay-inc.com/antcloud-devops/cafeautoscaler/pkg/apis/autoscaling/v1/metric_detail.go:22.44,24.2 1 1
gitlab.alipay-inc.com/antcloud-devops/cafeautoscaler/pkg/apis/autoscaling/v1/metric_detail.go:32.42,34.2 1 1
gitlab.alipay-inc.com/antcloud-devops/cafeautoscaler/pkg/apis/autoscaling/v1/metric_detail.go:42.33,44.2 1 1
gitlab.alipay-inc.com/antcloud-devops/cafeautoscaler/pkg/apis/autoscaling/v1/metric_detail.go:54.66,57.21 2 1
gitlab.alipay-inc.com/antcloud-devops/cafeautoscaler/pkg/apis/autoscaling/v1/metric_detail.go:66.2,66.80 1 1
gitlab.alipay-inc.com/antcloud-devops/cafeautoscaler/pkg/apis/autoscaling/v1/metric_detail.go:57.21,59.3 1 0
gitlab.alipay-inc.com/antcloud-devops/cafeautoscaler/pkg/apis/autoscaling/v1/metric_detail.go:59.8,59.28 1 1
gitlab.alipay-inc.com/antcloud-devops/cafeautoscaler/pkg/apis/autoscaling/v1/metric_detail.go:59.28,64.3 1 1
gitlab.alipay-inc.com/antcloud-devops/cafeautoscaler/pkg/apis/autoscaling/v1/metric_detail.go:69.48,72.21 2 1
gitlab.alipay-inc.com/antcloud-devops/cafeautoscaler/pkg/apis/autoscaling/v1/metric_detail.go:93.2,93.57 1 1
gitlab.alipay-inc.com/antcloud-devops/cafeautoscaler/pkg/apis/autoscaling/v1/metric_detail.go:72.21,80.3 1 1
gitlab.alipay-inc.com/antcloud-devops/cafeautoscaler/pkg/apis/autoscaling/v1/metric_detail.go:80.8,80.28 1 1
gitlab.alipay-inc.com/antcloud-devops/cafeautoscaler/pkg/apis/autoscaling/v1/metric_detail.go:80.28,91.3 1 1
gitlab.alipay-inc.com/antcloud-devops/cafeautoscaler/pkg/apis/autoscaling/v1/metric_detail.go:96.58,98.21 2 1
gitlab.alipay-inc.com/antcloud-devops/cafeautoscaler/pkg/apis/autoscaling/v1/metric_detail.go:127.2,127.61 1 0
gitlab.alipay-inc.com/antcloud-devops/cafeautoscaler/pkg/apis/autoscaling/v1/metric_detail.go:98.21,110.3 1 1
gitlab.alipay-inc.com/antcloud-devops/cafeautoscaler/pkg/apis/autoscaling/v1/metric_detail.go:110.8,110.28 1 1
gitlab.alipay-inc.com/antcloud-devops/cafeautoscaler/pkg/apis/autoscaling/v1/metric_detail.go:110.28,125.3 1 1
gitlab.alipay-inc.com/antcloud-devops/cafeautoscaler/pkg/apis/autoscaling/v1/metric_detail.go:131.38,132.47 1 1
gitlab.alipay-inc.com/antcloud-devops/cafeautoscaler/pkg/apis/autoscaling/v1/metric_detail.go:136.2,136.84 1 1
gitlab.alipay-inc.com/antcloud-devops/cafeautoscaler/pkg/apis/autoscaling/v1/metric_detail.go:132.47,134.3 1 1
gitlab.alipay-inc.com/antcloud-devops/cafeautoscaler/pkg/apis/autoscaling/v1/metric_detail.go:139.76,143.60 1 1
gitlab.alipay-inc.com/antcloud-devops/cafeautoscaler/pkg/apis/autoscaling/v1/metric_detail.go:146.2,150.8 1 1
gitlab.alipay-inc.com/antcloud-devops/cafeautoscaler/pkg/apis/autoscaling/v1/metric_detail.go:143.60,145.3 1 0
gitlab.alipay-inc.com/antcloud-devops/cafeautoscaler/pkg/apis/autoscaling/v1/metric_detail.go:153.80,156.19 3 1
gitlab.alipay-inc.com/antcloud-devops/cafeautoscaler/pkg/apis/autoscaling/v1/metric_detail.go:199.2,203.8 1 1
gitlab.alipay-inc.com/antcloud-devops/cafeautoscaler/pkg/apis/autoscaling/v1/metric_detail.go:157.38,159.34 2 0
gitlab.alipay-inc.com/antcloud-devops/cafeautoscaler/pkg/apis/autoscaling/v1/metric_detail.go:167.36,169.32 2 0
gitlab.alipay-inc.com/antcloud-devops/cafeautoscaler/pkg/apis/autoscaling/v1/metric_detail.go:177.40,179.36 2 0
gitlab.alipay-inc.com/antcloud-devops/cafeautoscaler/pkg/apis/autoscaling/v1/metric_detail.go:187.40,189.36 2 0
gitlab.alipay-inc.com/antcloud-devops/cafeautoscaler/pkg/apis/autoscaling/v1/metric_detail.go:160.38,161.56 1 0
gitlab.alipay-inc.com/antcloud-devops/cafeautoscaler/pkg/apis/autoscaling/v1/metric_detail.go:162.32,163.59 1 0
gitlab.alipay-inc.com/antcloud-devops/cafeautoscaler/pkg/apis/autoscaling/v1/metric_detail.go:164.39,165.59 1 0
gitlab.alipay-inc.com/antcloud-devops/cafeautoscaler/pkg/apis/autoscaling/v1/metric_detail.go:170.38,171.54 1 0
gitlab.alipay-inc.com/antcloud-devops/cafeautoscaler/pkg/apis/autoscaling/v1/metric_detail.go:172.32,173.59 1 0
gitlab.alipay-inc.com/antcloud-devops/cafeautoscaler/pkg/apis/autoscaling/v1/metric_detail.go:174.39,175.59 1 0
gitlab.alipay-inc.com/antcloud-devops/cafeautoscaler/pkg/apis/autoscaling/v1/metric_detail.go:180.38,181.58 1 0
gitlab.alipay-inc.com/antcloud-devops/cafeautoscaler/pkg/apis/autoscaling/v1/metric_detail.go:182.32,183.59 1 0
gitlab.alipay-inc.com/antcloud-devops/cafeautoscaler/pkg/apis/autoscaling/v1/metric_detail.go:184.39,185.59 1 0
gitlab.alipay-inc.com/antcloud-devops/cafeautoscaler/pkg/apis/autoscaling/v1/metric_detail.go:190.38,191.58 1 0
gitlab.alipay-inc.com/antcloud-devops/cafeautoscaler/pkg/apis/autoscaling/v1/metric_detail.go:192.32,193.59 1 0
gitlab.alipay-inc.com/antcloud-devops/cafeautoscaler/pkg/apis/autoscaling/v1/metric_detail.go:194.39,195.59 1 0
gitlab.alipay-inc.com/antcloud-devops/cafeautoscaler/pkg/apis/autoscaling/v1/podscalable_types.go:68.42,70.2 1 0
gitlab.alipay-inc.com/antcloud-devops/cafeautoscaler/pkg/apis/autoscaling/v1/podscalable_types.go:73.52,75.2 1 1
gitlab.alipay-inc.com/antcloud-devops/cafeautoscaler/pkg/apis/autoscaling/v1/podscalable_types.go:78.34,86.2 3 1
gitlab.alipay-inc.com/antcloud-devops/cafeautoscaler/pkg/apis/autoscaling/v1/podscalable_types.go:89.50,91.2 1 0
gitlab.alipay-inc.com/antcloud-devops/cafeautoscaler/pkg/apis/autoscaling/v1/zz_generated.deepcopy.go:28.85,35.2 6 0
gitlab.alipay-inc.com/antcloud-devops/cafeautoscaler/pkg/apis/autoscaling/v1/zz_generated.deepcopy.go:38.78,39.15 1 0
gitlab.alipay-inc.com/antcloud-devops/cafeautoscaler/pkg/apis/autoscaling/v1/zz_generated.deepcopy.go:42.2,44.12 3 0
gitlab.alipay-inc.com/antcloud-devops/cafeautoscaler/pkg/apis/autoscaling/v1/zz_generated.deepcopy.go:39.15,41.3 1 0
gitlab.alipay-inc.com/antcloud-devops/cafeautoscaler/pkg/apis/autoscaling/v1/zz_generated.deepcopy.go:48.71,49.34 1 0
gitlab.alipay-inc.com/antcloud-devops/cafeautoscaler/pkg/apis/autoscaling/v1/zz_generated.deepcopy.go:52.2,52.12 1 0
gitlab.alipay-inc.com/antcloud-devops/cafeautoscaler/pkg/apis/autoscaling/v1/zz_generated.deepcopy.go:49.34,51.3 1 0
gitlab.alipay-inc.com/antcloud-devops/cafeautoscaler/pkg/apis/autoscaling/v1/zz_generated.deepcopy.go:56.103,60.2 3 0
gitlab.alipay-inc.com/antcloud-devops/cafeautoscaler/pkg/apis/autoscaling/v1/zz_generated.deepcopy.go:63.96,64.15 1 0
gitlab.alipay-inc.com/antcloud-devops/cafeautoscaler/pkg/apis/autoscaling/v1/zz_generated.deepcopy.go:67.2,69.12 3 0
gitlab.alipay-inc.com/antcloud-devops/cafeautoscaler/pkg/apis/autoscaling/v1/zz_generated.deepcopy.go:64.15,66.3 1 0
gitlab.alipay-inc.com/antcloud-devops/cafeautoscaler/pkg/apis/autoscaling/v1/zz_generated.deepcopy.go:73.93,77.21 4 0
gitlab.alipay-inc.com/antcloud-devops/cafeautoscaler/pkg/apis/autoscaling/v1/zz_generated.deepcopy.go:84.2,84.8 1 0
gitlab.alipay-inc.com/antcloud-devops/cafeautoscaler/pkg/apis/autoscaling/v1/zz_generated.deepcopy.go:77.21,80.22 3 0
gitlab.alipay-inc.com/antcloud-devops/cafeautoscaler/pkg/apis/autoscaling/v1/zz_generated.deepcopy.go:80.22,82.4 1 0
gitlab.alipay-inc.com/antcloud-devops/cafeautoscaler/pkg/apis/autoscaling/v1/zz_generated.deepcopy.go:88.86,89.15 1 0
gitlab.alipay-inc.com/antcloud-devops/cafeautoscaler/pkg/apis/autoscaling/v1/zz_generated.deepcopy.go:92.2,94.12 3 0
gitlab.alipay-inc.com/antcloud-devops/cafeautoscaler/pkg/apis/autoscaling/v1/zz_generated.deepcopy.go:89.15,91.3 1 0
gitlab.alipay-inc.com/antcloud-devops/cafeautoscaler/pkg/apis/autoscaling/v1/zz_generated.deepcopy.go:98.75,99.34 1 0
gitlab.alipay-inc.com/antcloud-devops/cafeautoscaler/pkg/apis/autoscaling/v1/zz_generated.deepcopy.go:102.2,102.12 1 0
gitlab.alipay-inc.com/antcloud-devops/cafeautoscaler/pkg/apis/autoscaling/v1/zz_generated.deepcopy.go:99.34,101.3 1 0
gitlab.alipay-inc.com/antcloud-devops/cafeautoscaler/pkg/apis/autoscaling/v1/zz_generated.deepcopy.go:106.93,109.24 3 0
gitlab.alipay-inc.com/antcloud-devops/cafeautoscaler/pkg/apis/autoscaling/v1/zz_generated.deepcopy.go:114.2,114.25 1 0
gitlab.alipay-inc.com/antcloud-devops/cafeautoscaler/pkg/apis/autoscaling/v1/zz_generated.deepcopy.go:121.2,121.8 1 0
gitlab.alipay-inc.com/antcloud-devops/cafeautoscaler/pkg/apis/autoscaling/v1/zz_generated.deepcopy.go:109.24,113.3 3 0
gitlab.alipay-inc.com/antcloud-devops/cafeautoscaler/pkg/apis/autoscaling/v1/zz_generated.deepcopy.go:114.25,117.22 3 0
gitlab.alipay-inc.com/antcloud-devops/cafeautoscaler/pkg/apis/autoscaling/v1/zz_generated.deepcopy.go:117.22,119.4 1 0
gitlab.alipay-inc.com/antcloud-devops/cafeautoscaler/pkg/apis/autoscaling/v1/zz_generated.deepcopy.go:125.86,126.15 1 0
gitlab.alipay-inc.com/antcloud-devops/cafeautoscaler/pkg/apis/autoscaling/v1/zz_generated.deepcopy.go:129.2,131.12 3 0
gitlab.alipay-inc.com/antcloud-devops/cafeautoscaler/pkg/apis/autoscaling/v1/zz_generated.deepcopy.go:126.15,128.3 1 0
gitlab.alipay-inc.com/antcloud-devops/cafeautoscaler/pkg/apis/autoscaling/v1/zz_generated.deepcopy.go:135.97,137.32 2 0
gitlab.alipay-inc.com/antcloud-devops/cafeautoscaler/pkg/apis/autoscaling/v1/zz_generated.deepcopy.go:141.2,141.38 1 0
gitlab.alipay-inc.com/antcloud-devops/cafeautoscaler/pkg/apis/autoscaling/v1/zz_generated.deepcopy.go:145.2,145.32 1 0
gitlab.alipay-inc.com/antcloud-devops/cafeautoscaler/pkg/apis/autoscaling/v1/zz_generated.deepcopy.go:149.2,149.31 1 0
gitlab.alipay-inc.com/antcloud-devops/cafeautoscaler/pkg/apis/autoscaling/v1/zz_generated.deepcopy.go:153.2,153.37 1 0
gitlab.alipay-inc.com/antcloud-devops/cafeautoscaler/pkg/apis/autoscaling/v1/zz_generated.deepcopy.go:157.2,157.31 1 0
gitlab.alipay-inc.com/antcloud-devops/cafeautoscaler/pkg/apis/autoscaling/v1/zz_generated.deepcopy.go:161.2,161.31 1 0
gitlab.alipay-inc.com/antcloud-devops/cafeautoscaler/pkg/apis/autoscaling/v1/zz_generated.deepcopy.go:165.2,165.33 1 0
gitlab.alipay-inc.com/antcloud-devops/cafeautoscaler/pkg/apis/autoscaling/v1/zz_generated.deepcopy.go:169.2,169.30 1 0
gitlab.alipay-inc.com/antcloud-devops/cafeautoscaler/pkg/apis/autoscaling/v1/zz_generated.deepcopy.go:176.2,176.26 1 0
gitlab.alipay-inc.com/antcloud-devops/cafeautoscaler/pkg/apis/autoscaling/v1/zz_generated.deepcopy.go:183.2,183.8 1 0
gitlab.alipay-inc.com/antcloud-devops/cafeautoscaler/pkg/apis/autoscaling/v1/zz_generated.deepcopy.go:137.32,140.3 2 0
gitlab.alipay-inc.com/antcloud-devops/cafeautoscaler/pkg/apis/autoscaling/v1/zz_generated.deepcopy.go:141.38,144.3 2 0
gitlab.alipay-inc.com/antcloud-devops/cafeautoscaler/pkg/apis/autoscaling/v1/zz_generated.deepcopy.go:145.32,148.3 2 0
gitlab.alipay-inc.com/antcloud-devops/cafeautoscaler/pkg/apis/autoscaling/v1/zz_generated.deepcopy.go:149.31,152.3 2 0
gitlab.alipay-inc.com/antcloud-devops/cafeautoscaler/pkg/apis/autoscaling/v1/zz_generated.deepcopy.go:153.37,156.3 2 0
gitlab.alipay-inc.com/antcloud-devops/cafeautoscaler/pkg/apis/autoscaling/v1/zz_generated.deepcopy.go:157.31,160.3 2 0
gitlab.alipay-inc.com/antcloud-devops/cafeautoscaler/pkg/apis/autoscaling/v1/zz_generated.deepcopy.go:161.31,164.3 2 0
gitlab.alipay-inc.com/antcloud-devops/cafeautoscaler/pkg/apis/autoscaling/v1/zz_generated.deepcopy.go:165.33,168.3 2 0
gitlab.alipay-inc.com/antcloud-devops/cafeautoscaler/pkg/apis/autoscaling/v1/zz_generated.deepcopy.go:169.30,172.22 3 0
gitlab.alipay-inc.com/antcloud-devops/cafeautoscaler/pkg/apis/autoscaling/v1/zz_generated.deepcopy.go:172.22,174.4 1 0
gitlab.alipay-inc.com/antcloud-devops/cafeautoscaler/pkg/apis/autoscaling/v1/zz_generated.deepcopy.go:176.26,179.22 3 0
gitlab.alipay-inc.com/antcloud-devops/cafeautoscaler/pkg/apis/autoscaling/v1/zz_generated.deepcopy.go:179.22,181.4 1 0
gitlab.alipay-inc.com/antcloud-devops/cafeautoscaler/pkg/apis/autoscaling/v1/zz_generated.deepcopy.go:187.90,188.15 1 0
gitlab.alipay-inc.com/antcloud-devops/cafeautoscaler/pkg/apis/autoscaling/v1/zz_generated.deepcopy.go:191.2,193.12 3 0
gitlab.alipay-inc.com/antcloud-devops/cafeautoscaler/pkg/apis/autoscaling/v1/zz_generated.deepcopy.go:188.15,190.3 1 0
gitlab.alipay-inc.com/antcloud-devops/cafeautoscaler/pkg/apis/autoscaling/v1/zz_generated.deepcopy.go:197.71,201.24 4 1
gitlab.alipay-inc.com/antcloud-devops/cafeautoscaler/pkg/apis/autoscaling/v1/zz_generated.deepcopy.go:208.2,208.8 1 1
gitlab.alipay-inc.com/antcloud-devops/cafeautoscaler/pkg/apis/autoscaling/v1/zz_generated.deepcopy.go:201.24,204.29 3 1
gitlab.alipay-inc.com/antcloud-devops/cafeautoscaler/pkg/apis/autoscaling/v1/zz_generated.deepcopy.go:204.29,206.4 1 1
gitlab.alipay-inc.com/antcloud-devops/cafeautoscaler/pkg/apis/autoscaling/v1/zz_generated.deepcopy.go:212.64,213.15 1 0
gitlab.alipay-inc.com/antcloud-devops/cafeautoscaler/pkg/apis/autoscaling/v1/zz_generated.deepcopy.go:216.2,218.12 3 0
gitlab.alipay-inc.com/antcloud-devops/cafeautoscaler/pkg/apis/autoscaling/v1/zz_generated.deepcopy.go:213.15,215.3 1 0
gitlab.alipay-inc.com/antcloud-devops/cafeautoscaler/pkg/apis/autoscaling/v1/zz_generated.deepcopy.go:222.75,225.2 2 0
gitlab.alipay-inc.com/antcloud-devops/cafeautoscaler/pkg/apis/autoscaling/v1/zz_generated.deepcopy.go:228.68,229.15 1 0
gitlab.alipay-inc.com/antcloud-devops/cafeautoscaler/pkg/apis/autoscaling/v1/zz_generated.deepcopy.go:232.2,234.12 3 0
gitlab.alipay-inc.com/antcloud-devops/cafeautoscaler/pkg/apis/autoscaling/v1/zz_generated.deepcopy.go:229.15,231.3 1 0
gitlab.alipay-inc.com/antcloud-devops/cafeautoscaler/pkg/apis/autoscaling/v1/zz_generated.deepcopy.go:238.61,241.2 2 0
gitlab.alipay-inc.com/antcloud-devops/cafeautoscaler/pkg/apis/autoscaling/v1/zz_generated.deepcopy.go:244.54,245.15 1 0
gitlab.alipay-inc.com/antcloud-devops/cafeautoscaler/pkg/apis/autoscaling/v1/zz_generated.deepcopy.go:248.2,250.12 3 0
gitlab.alipay-inc.com/antcloud-devops/cafeautoscaler/pkg/apis/autoscaling/v1/zz_generated.deepcopy.go:245.15,247.3 1 0
gitlab.alipay-inc.com/antcloud-devops/cafeautoscaler/pkg/apis/autoscaling/v1/zz_generated.deepcopy.go:254.43,259.2 4 0
gitlab.alipay-inc.com/antcloud-devops/cafeautoscaler/pkg/apis/autoscaling/v1/zz_generated.deepcopy.go:262.36,263.15 1 0
gitlab.alipay-inc.com/antcloud-devops/cafeautoscaler/pkg/apis/autoscaling/v1/zz_generated.deepcopy.go:266.2,268.12 3 0
gitlab.alipay-inc.com/antcloud-devops/cafeautoscaler/pkg/apis/autoscaling/v1/zz_generated.deepcopy.go:263.15,265.3 1 0
gitlab.alipay-inc.com/antcloud-devops/cafeautoscaler/pkg/apis/autoscaling/v1/zz_generated.deepcopy.go:272.55,276.2 3 0
gitlab.alipay-inc.com/antcloud-devops/cafeautoscaler/pkg/apis/autoscaling/v1/zz_generated.deepcopy.go:279.48,280.15 1 0
gitlab.alipay-inc.com/antcloud-devops/cafeautoscaler/pkg/apis/autoscaling/v1/zz_generated.deepcopy.go:283.2,285.12 3 0
gitlab.alipay-inc.com/antcloud-devops/cafeautoscaler/pkg/apis/autoscaling/v1/zz_generated.deepcopy.go:280.15,282.3 1 0
gitlab.alipay-inc.com/antcloud-devops/cafeautoscaler/pkg/apis/autoscaling/v1/zz_generated.deepcopy.go:289.67,291.33 2 1
gitlab.alipay-inc.com/antcloud-devops/cafeautoscaler/pkg/apis/autoscaling/v1/zz_generated.deepcopy.go:298.2,298.35 1 1
gitlab.alipay-inc.com/antcloud-devops/cafeautoscaler/pkg/apis/autoscaling/v1/zz_generated.deepcopy.go:305.2,305.23 1 1
gitlab.alipay-inc.com/antcloud-devops/cafeautoscaler/pkg/apis/autoscaling/v1/zz_generated.deepcopy.go:312.2,312.8 1 1
gitlab.alipay-inc.com/antcloud-devops/cafeautoscaler/pkg/apis/autoscaling/v1/zz_generated.deepcopy.go:291.33,294.29 3 0
gitlab.alipay-inc.com/antcloud-devops/cafeautoscaler/pkg/apis/autoscaling/v1/zz_generated.deepcopy.go:294.29,296.4 1 0
gitlab.alipay-inc.com/antcloud-devops/cafeautoscaler/pkg/apis/autoscaling/v1/zz_generated.deepcopy.go:298.35,301.29 3 0
gitlab.alipay-inc.com/antcloud-devops/cafeautoscaler/pkg/apis/autoscaling/v1/zz_generated.deepcopy.go:301.29,303.4 1 0
gitlab.alipay-inc.com/antcloud-devops/cafeautoscaler/pkg/apis/autoscaling/v1/zz_generated.deepcopy.go:305.23,308.22 3 1
gitlab.alipay-inc.com/antcloud-devops/cafeautoscaler/pkg/apis/autoscaling/v1/zz_generated.deepcopy.go:308.22,310.4 1 1
gitlab.alipay-inc.com/antcloud-devops/cafeautoscaler/pkg/apis/autoscaling/v1/zz_generated.deepcopy.go:316.60,317.15 1 0
gitlab.alipay-inc.com/antcloud-devops/cafeautoscaler/pkg/apis/autoscaling/v1/zz_generated.deepcopy.go:320.2,322.12 3 0
gitlab.alipay-inc.com/antcloud-devops/cafeautoscaler/pkg/apis/autoscaling/v1/zz_generated.deepcopy.go:317.15,319.3 1 0
gitlab.alipay-inc.com/antcloud-devops/cafeautoscaler/pkg/apis/autoscaling/v1/zz_generated.deepcopy.go:326.55,333.2 6 0
gitlab.alipay-inc.com/antcloud-devops/cafeautoscaler/pkg/apis/autoscaling/v1/zz_generated.deepcopy.go:336.48,337.15 1 0
gitlab.alipay-inc.com/antcloud-devops/cafeautoscaler/pkg/apis/autoscaling/v1/zz_generated.deepcopy.go:340.2,342.12 3 0
gitlab.alipay-inc.com/antcloud-devops/cafeautoscaler/pkg/apis/autoscaling/v1/zz_generated.deepcopy.go:337.15,339.3 1 0
gitlab.alipay-inc.com/antcloud-devops/cafeautoscaler/pkg/apis/autoscaling/v1/zz_generated.deepcopy.go:346.56,347.34 1 0
gitlab.alipay-inc.com/antcloud-devops/cafeautoscaler/pkg/apis/autoscaling/v1/zz_generated.deepcopy.go:350.2,350.12 1 0
gitlab.alipay-inc.com/antcloud-devops/cafeautoscaler/pkg/apis/autoscaling/v1/zz_generated.deepcopy.go:347.34,349.3 1 0
gitlab.alipay-inc.com/antcloud-devops/cafeautoscaler/pkg/apis/autoscaling/v1/zz_generated.deepcopy.go:354.63,358.21 4 0
gitlab.alipay-inc.com/antcloud-devops/cafeautoscaler/pkg/apis/autoscaling/v1/zz_generated.deepcopy.go:365.2,365.8 1 0
gitlab.alipay-inc.com/antcloud-devops/cafeautoscaler/pkg/apis/autoscaling/v1/zz_generated.deepcopy.go:358.21,361.22 3 0
gitlab.alipay-inc.com/antcloud-devops/cafeautoscaler/pkg/apis/autoscaling/v1/zz_generated.deepcopy.go:361.22,363.4 1 0
gitlab.alipay-inc.com/antcloud-devops/cafeautoscaler/pkg/apis/autoscaling/v1/zz_generated.deepcopy.go:369.56,370.15 1 0
gitlab.alipay-inc.com/antcloud-devops/cafeautoscaler/pkg/apis/autoscaling/v1/zz_generated.deepcopy.go:373.2,375.12 3 0
gitlab.alipay-inc.com/antcloud-devops/cafeautoscaler/pkg/apis/autoscaling/v1/zz_generated.deepcopy.go:370.15,372.3 1 0
gitlab.alipay-inc.com/antcloud-devops/cafeautoscaler/pkg/apis/autoscaling/v1/zz_generated.deepcopy.go:379.60,380.34 1 0
gitlab.alipay-inc.com/antcloud-devops/cafeautoscaler/pkg/apis/autoscaling/v1/zz_generated.deepcopy.go:383.2,383.12 1 0
gitlab.alipay-inc.com/antcloud-devops/cafeautoscaler/pkg/apis/autoscaling/v1/zz_generated.deepcopy.go:380.34,382.3 1 0
gitlab.alipay-inc.com/antcloud-devops/cafeautoscaler/pkg/apis/autoscaling/v1/zz_generated.deepcopy.go:387.63,389.25 2 0
gitlab.alipay-inc.com/antcloud-devops/cafeautoscaler/pkg/apis/autoscaling/v1/zz_generated.deepcopy.go:394.2,394.24 1 0
gitlab.alipay-inc.com/antcloud-devops/cafeautoscaler/pkg/apis/autoscaling/v1/zz_generated.deepcopy.go:399.2,399.8 1 0
gitlab.alipay-inc.com/antcloud-devops/cafeautoscaler/pkg/apis/autoscaling/v1/zz_generated.deepcopy.go:389.25,393.3 3 0
gitlab.alipay-inc.com/antcloud-devops/cafeautoscaler/pkg/apis/autoscaling/v1/zz_generated.deepcopy.go:394.24,398.3 3 0
gitlab.alipay-inc.com/antcloud-devops/cafeautoscaler/pkg/apis/autoscaling/v1/zz_generated.deepcopy.go:403.56,404.15 1 0
gitlab.alipay-inc.com/antcloud-devops/cafeautoscaler/pkg/apis/autoscaling/v1/zz_generated.deepcopy.go:407.2,409.12 3 0
gitlab.alipay-inc.com/antcloud-devops/cafeautoscaler/pkg/apis/autoscaling/v1/zz_generated.deepcopy.go:404.15,406.3 1 0
gitlab.alipay-inc.com/antcloud-devops/cafeautoscaler/pkg/apis/autoscaling/v1/zz_generated.deepcopy.go:413.67,416.2 2 0
gitlab.alipay-inc.com/antcloud-devops/cafeautoscaler/pkg/apis/autoscaling/v1/zz_generated.deepcopy.go:419.60,420.15 1 0
gitlab.alipay-inc.com/antcloud-devops/cafeautoscaler/pkg/apis/autoscaling/v1/zz_generated.deepcopy.go:423.2,425.12 3 0
gitlab.alipay-inc.com/antcloud-devops/cafeautoscaler/pkg/apis/autoscaling/v1/zz_generated.deepcopy.go:420.15,422.3 1 0
gitlab.alipay-inc.com/antcloud-devops/cafeautoscaler/pkg/apis/autoscaling/v1/zz_generated.deepcopy.go:429.55,432.2 2 0
gitlab.alipay-inc.com/antcloud-devops/cafeautoscaler/pkg/apis/autoscaling/v1/zz_generated.deepcopy.go:435.48,436.15 1 0
gitlab.alipay-inc.com/antcloud-devops/cafeautoscaler/pkg/apis/autoscaling/v1/zz_generated.deepcopy.go:439.2,441.12 3 0
gitlab.alipay-inc.com/antcloud-devops/cafeautoscaler/pkg/apis/autoscaling/v1/zz_generated.deepcopy.go:436.15,438.3 1 0
gitlab.alipay-inc.com/antcloud-devops/cafeautoscaler/pkg/apis/autoscaling/v1/zz_generated.deepcopy.go:445.57,449.2 3 0
gitlab.alipay-inc.com/antcloud-devops/cafeautoscaler/pkg/apis/autoscaling/v1/zz_generated.deepcopy.go:452.50,453.15 1 0
gitlab.alipay-inc.com/antcloud-devops/cafeautoscaler/pkg/apis/autoscaling/v1/zz_generated.deepcopy.go:456.2,458.12 3 0
gitlab.alipay-inc.com/antcloud-devops/cafeautoscaler/pkg/apis/autoscaling/v1/zz_generated.deepcopy.go:453.15,455.3 1 0
gitlab.alipay-inc.com/antcloud-devops/cafeautoscaler/pkg/apis/autoscaling/v1/zz_generated.deepcopy.go:462.67,465.2 2 0
gitlab.alipay-inc.com/antcloud-devops/cafeautoscaler/pkg/apis/autoscaling/v1/zz_generated.deepcopy.go:468.60,469.15 1 0
gitlab.alipay-inc.com/antcloud-devops/cafeautoscaler/pkg/apis/autoscaling/v1/zz_generated.deepcopy.go:472.2,474.12 3 0
gitlab.alipay-inc.com/antcloud-devops/cafeautoscaler/pkg/apis/autoscaling/v1/zz_generated.deepcopy.go:469.15,471.3 1 0
gitlab.alipay-inc.com/antcloud-devops/cafeautoscaler/pkg/apis/autoscaling/v1/anthpa_lifecycle.go:15.85,17.2 1 0
gitlab.alipay-inc.com/antcloud-devops/cafeautoscaler/pkg/apis/autoscaling/v1/anthpa_lifecycle.go:25.61,27.2 1 1
gitlab.alipay-inc.com/antcloud-devops/cafeautoscaler/pkg/apis/autoscaling/v1/anthpa_lifecycle.go:31.66,34.2 2 1
gitlab.alipay-inc.com/antcloud-devops/cafeautoscaler/pkg/apis/autoscaling/v1/anthpa_lifecycle.go:37.64,40.2 2 1
gitlab.alipay-inc.com/antcloud-devops/cafeautoscaler/pkg/apis/autoscaling/v1/anthpa_lifecycle.go:43.97,45.2 1 1
gitlab.alipay-inc.com/antcloud-devops/cafeautoscaler/pkg/apis/autoscaling/v1/anthpa_lifecycle.go:48.69,50.2 1 0
gitlab.alipay-inc.com/antcloud-devops/cafeautoscaler/pkg/apis/autoscaling/v1/anthpa_lifecycle.go:52.65,60.2 1 0
gitlab.alipay-inc.com/antcloud-devops/cafeautoscaler/pkg/apis/autoscaling/v1/anthpa_lifecycle.go:62.86,65.2 2 1
gitlab.alipay-inc.com/antcloud-devops/cafeautoscaler/pkg/apis/autoscaling/v1/anthpa_lifecycle.go:67.88,70.2 2 1
gitlab.alipay-inc.com/antcloud-devops/cafeautoscaler/pkg/apis/autoscaling/v1/anthpa_lifecycle.go:72.87,74.2 1 1
gitlab.alipay-inc.com/antcloud-devops/cafeautoscaler/pkg/apis/autoscaling/v1/anthpa_lifecycle.go:75.88,77.2 1 1
gitlab.alipay-inc.com/antcloud-devops/cafeautoscaler/pkg/apis/autoscaling/v1/anthpa_lifecycle.go:96.59,98.2 1 1
gitlab.alipay-inc.com/antcloud-devops/cafeautoscaler/pkg/apis/autoscaling/v1/anthpa_lifecycle.go:101.85,103.2 1 1
gitlab.alipay-inc.com/antcloud-devops/cafeautoscaler/pkg/apis/autoscaling/v1/anthpa_lifecycle.go:106.83,108.2 1 1
gitlab.alipay-inc.com/antcloud-devops/cafeautoscaler/pkg/apis/autoscaling/v1/anthpa_lifecycle.go:110.65,113.2 2 1
gitlab.alipay-inc.com/antcloud-devops/cafeautoscaler/pkg/apis/autoscaling/v1/anthpa_lifecycle.go:115.62,117.2 1 1
gitlab.alipay-inc.com/antcloud-devops/cafeautoscaler/pkg/apis/autoscaling/v1/anthpa_lifecycle.go:119.87,121.2 1 1
gitlab.alipay-inc.com/antcloud-devops/cafeautoscaler/pkg/apis/autoscaling/v1/anthpa_lifecycle.go:125.86,128.2 1 1
gitlab.alipay-inc.com/antcloud-devops/cafeautoscaler/pkg/apis/autoscaling/v1/anthpa_lifecycle.go:132.92,135.2 1 1
gitlab.alipay-inc.com/antcloud-devops/cafeautoscaler/pkg/apis/autoscaling/v1/anthpa_lifecycle.go:139.93,141.2 1 1
gitlab.alipay-inc.com/antcloud-devops/cafeautoscaler/pkg/apis/autoscaling/v1/anthpa_lifecycle.go:144.72,146.2 1 1
gitlab.alipay-inc.com/antcloud-devops/cafeautoscaler/pkg/apis/autoscaling/v1/anthpa_lifecycle.go:148.106,149.73 1 1
gitlab.alipay-inc.com/antcloud-devops/cafeautoscaler/pkg/apis/autoscaling/v1/anthpa_lifecycle.go:155.2,155.11 1 1
gitlab.alipay-inc.com/antcloud-devops/cafeautoscaler/pkg/apis/autoscaling/v1/anthpa_lifecycle.go:149.73,150.22 1 0
gitlab.alipay-inc.com/antcloud-devops/cafeautoscaler/pkg/apis/autoscaling/v1/anthpa_lifecycle.go:151.32,152.69 1 0
gitlab.alipay-inc.com/antcloud-devops/cafeautoscaler/pkg/apis/autoscaling/v1/anthpa_lifecycle.go:160.95,162.2 1 1
gitlab.alipay-inc.com/antcloud-devops/cafeautoscaler/pkg/apis/autoscaling/v1/anthpa_lifecycle.go:167.122,169.42 2 1
gitlab.alipay-inc.com/antcloud-devops/cafeautoscaler/pkg/apis/autoscaling/v1/anthpa_lifecycle.go:172.2,172.59 1 0
gitlab.alipay-inc.com/antcloud-devops/cafeautoscaler/pkg/apis/autoscaling/v1/anthpa_lifecycle.go:169.42,171.3 1 1
gitlab.alipay-inc.com/antcloud-devops/cafeautoscaler/pkg/apis/autoscaling/v1/anthpa_lifecycle.go:175.73,177.35 2 1
gitlab.alipay-inc.com/antcloud-devops/cafeautoscaler/pkg/apis/autoscaling/v1/anthpa_lifecycle.go:192.2,195.3 1 1
gitlab.alipay-inc.com/antcloud-devops/cafeautoscaler/pkg/apis/autoscaling/v1/anthpa_lifecycle.go:177.35,180.54 1 1
gitlab.alipay-inc.com/antcloud-devops/cafeautoscaler/pkg/apis/autoscaling/v1/anthpa_lifecycle.go:180.54,189.4 1 1
gitlab.alipay-inc.com/antcloud-devops/cafeautoscaler/pkg/apis/autoscaling/v1/anthpa_validation.go:17.83,18.41 1 1
gitlab.alipay-inc.com/antcloud-devops/cafeautoscaler/pkg/apis/autoscaling/v1/anthpa_validation.go:21.2,22.129 2 1
gitlab.alipay-inc.com/antcloud-devops/cafeautoscaler/pkg/apis/autoscaling/v1/anthpa_validation.go:27.2,28.46 2 1
gitlab.alipay-inc.com/antcloud-devops/cafeautoscaler/pkg/apis/autoscaling/v1/anthpa_validation.go:31.2,31.42 1 1
gitlab.alipay-inc.com/antcloud-devops/cafeautoscaler/pkg/apis/autoscaling/v1/anthpa_validation.go:36.2,38.46 3 1
gitlab.alipay-inc.com/antcloud-devops/cafeautoscaler/pkg/apis/autoscaling/v1/anthpa_validation.go:44.2,44.22 1 1
gitlab.alipay-inc.com/antcloud-devops/cafeautoscaler/pkg/apis/autoscaling/v1/anthpa_validation.go:49.2,50.46 2 1
gitlab.alipay-inc.com/antcloud-devops/cafeautoscaler/pkg/apis/autoscaling/v1/anthpa_validation.go:56.2,56.22 1 1
gitlab.alipay-inc.com/antcloud-devops/cafeautoscaler/pkg/apis/autoscaling/v1/anthpa_validation.go:60.2,61.46 2 1
gitlab.alipay-inc.com/antcloud-devops/cafeautoscaler/pkg/apis/autoscaling/v1/anthpa_validation.go:69.2,69.22 1 1
gitlab.alipay-inc.com/antcloud-devops/cafeautoscaler/pkg/apis/autoscaling/v1/anthpa_validation.go:73.2,74.46 2 1
gitlab.alipay-inc.com/antcloud-devops/cafeautoscaler/pkg/apis/autoscaling/v1/anthpa_validation.go:89.2,89.22 1 1
gitlab.alipay-inc.com/antcloud-devops/cafeautoscaler/pkg/apis/autoscaling/v1/anthpa_validation.go:93.2,93.12 1 1
gitlab.alipay-inc.com/antcloud-devops/cafeautoscaler/pkg/apis/autoscaling/v1/anthpa_validation.go:18.41,20.3 1 0
gitlab.alipay-inc.com/antcloud-devops/cafeautoscaler/pkg/apis/autoscaling/v1/anthpa_validation.go:22.129,24.3 1 0
gitlab.alipay-inc.com/antcloud-devops/cafeautoscaler/pkg/apis/autoscaling/v1/anthpa_validation.go:28.46,30.3 1 1
gitlab.alipay-inc.com/antcloud-devops/cafeautoscaler/pkg/apis/autoscaling/v1/anthpa_validation.go:31.42,33.3 1 0
gitlab.alipay-inc.com/antcloud-devops/cafeautoscaler/pkg/apis/autoscaling/v1/anthpa_validation.go:38.46,40.17 2 1
gitlab.alipay-inc.com/antcloud-devops/cafeautoscaler/pkg/apis/autoscaling/v1/anthpa_validation.go:40.17,42.4 1 0
gitlab.alipay-inc.com/antcloud-devops/cafeautoscaler/pkg/apis/autoscaling/v1/anthpa_validation.go:44.22,46.3 1 0
gitlab.alipay-inc.com/antcloud-devops/cafeautoscaler/pkg/apis/autoscaling/v1/anthpa_validation.go:50.46,52.17 2 1
gitlab.alipay-inc.com/antcloud-devops/cafeautoscaler/pkg/apis/autoscaling/v1/anthpa_validation.go:52.17,54.4 1 0
gitlab.alipay-inc.com/antcloud-devops/cafeautoscaler/pkg/apis/autoscaling/v1/anthpa_validation.go:56.22,58.3 1 0
gitlab.alipay-inc.com/antcloud-devops/cafeautoscaler/pkg/apis/autoscaling/v1/anthpa_validation.go:61.46,62.62 1 1
gitlab.alipay-inc.com/antcloud-devops/cafeautoscaler/pkg/apis/autoscaling/v1/anthpa_validation.go:62.62,64.18 2 1
gitlab.alipay-inc.com/antcloud-devops/cafeautoscaler/pkg/apis/autoscaling/v1/anthpa_validation.go:64.18,66.5 1 0
gitlab.alipay-inc.com/antcloud-devops/cafeautoscaler/pkg/apis/autoscaling/v1/anthpa_validation.go:69.22,71.3 1 0
gitlab.alipay-inc.com/antcloud-devops/cafeautoscaler/pkg/apis/autoscaling/v1/anthpa_validation.go:74.46,75.62 1 1
gitlab.alipay-inc.com/antcloud-devops/cafeautoscaler/pkg/apis/autoscaling/v1/anthpa_validation.go:75.62,76.52 1 1
gitlab.alipay-inc.com/antcloud-devops/cafeautoscaler/pkg/apis/autoscaling/v1/anthpa_validation.go:76.52,78.19 2 1
gitlab.alipay-inc.com/antcloud-devops/cafeautoscaler/pkg/apis/autoscaling/v1/anthpa_validation.go:82.5,83.19 2 1
gitlab.alipay-inc.com/antcloud-devops/cafeautoscaler/pkg/apis/autoscaling/v1/anthpa_validation.go:78.19,80.14 2 0
gitlab.alipay-inc.com/antcloud-devops/cafeautoscaler/pkg/apis/autoscaling/v1/anthpa_validation.go:83.19,85.6 1 0
gitlab.alipay-inc.com/antcloud-devops/cafeautoscaler/pkg/apis/autoscaling/v1/anthpa_validation.go:89.22,91.3 1 0
gitlab.alipay-inc.com/antcloud-devops/cafeautoscaler/pkg/apis/autoscaling/v1/anthpa_validation.go:96.65,97.41 1 1
gitlab.alipay-inc.com/antcloud-devops/cafeautoscaler/pkg/apis/autoscaling/v1/anthpa_validation.go:100.2,100.12 1 1
gitlab.alipay-inc.com/antcloud-devops/cafeautoscaler/pkg/apis/autoscaling/v1/anthpa_validation.go:97.41,99.3 1 1
gitlab.alipay-inc.com/antcloud-devops/cafeautoscaler/pkg/apis/autoscaling/v1/anthpa_validation.go:103.70,104.41 1 1
gitlab.alipay-inc.com/antcloud-devops/cafeautoscaler/pkg/apis/autoscaling/v1/anthpa_validation.go:108.2,108.37 1 1
gitlab.alipay-inc.com/antcloud-devops/cafeautoscaler/pkg/apis/autoscaling/v1/anthpa_validation.go:112.2,112.53 1 1
gitlab.alipay-inc.com/antcloud-devops/cafeautoscaler/pkg/apis/autoscaling/v1/anthpa_validation.go:147.2,147.12 1 1
gitlab.alipay-inc.com/antcloud-devops/cafeautoscaler/pkg/apis/autoscaling/v1/anthpa_validation.go:104.41,106.3 1 1
gitlab.alipay-inc.com/antcloud-devops/cafeautoscaler/pkg/apis/autoscaling/v1/anthpa_validation.go:108.37,110.3 1 1
gitlab.alipay-inc.com/antcloud-devops/cafeautoscaler/pkg/apis/autoscaling/v1/anthpa_validation.go:112.53,113.46 1 1
gitlab.alipay-inc.com/antcloud-devops/cafeautoscaler/pkg/apis/autoscaling/v1/anthpa_validation.go:116.3,116.43 1 1
gitlab.alipay-inc.com/antcloud-devops/cafeautoscaler/pkg/apis/autoscaling/v1/anthpa_validation.go:119.3,119.28 1 1
gitlab.alipay-inc.com/antcloud-devops/cafeautoscaler/pkg/apis/autoscaling/v1/anthpa_validation.go:122.3,122.27 1 1
gitlab.alipay-inc.com/antcloud-devops/cafeautoscaler/pkg/apis/autoscaling/v1/anthpa_validation.go:125.3,125.37 1 1
gitlab.alipay-inc.com/antcloud-devops/cafeautoscaler/pkg/apis/autoscaling/v1/anthpa_validation.go:129.3,129.48 1 1
gitlab.alipay-inc.com/antcloud-devops/cafeautoscaler/pkg/apis/autoscaling/v1/anthpa_validation.go:132.3,132.45 1 1
gitlab.alipay-inc.com/antcloud-devops/cafeautoscaler/pkg/apis/autoscaling/v1/anthpa_validation.go:135.3,135.30 1 1
gitlab.alipay-inc.com/antcloud-devops/cafeautoscaler/pkg/apis/autoscaling/v1/anthpa_validation.go:138.3,138.29 1 1
gitlab.alipay-inc.com/antcloud-devops/cafeautoscaler/pkg/apis/autoscaling/v1/anthpa_validation.go:141.3,141.39 1 1
gitlab.alipay-inc.com/antcloud-devops/cafeautoscaler/pkg/apis/autoscaling/v1/anthpa_validation.go:113.46,115.4 1 1
gitlab.alipay-inc.com/antcloud-devops/cafeautoscaler/pkg/apis/autoscaling/v1/anthpa_validation.go:116.43,118.4 1 1
gitlab.alipay-inc.com/antcloud-devops/cafeautoscaler/pkg/apis/autoscaling/v1/anthpa_validation.go:119.28,121.4 1 1
gitlab.alipay-inc.com/antcloud-devops/cafeautoscaler/pkg/apis/autoscaling/v1/anthpa_validation.go:122.27,124.4 1 1
gitlab.alipay-inc.com/antcloud-devops/cafeautoscaler/pkg/apis/autoscaling/v1/anthpa_validation.go:125.37,127.4 1 1
gitlab.alipay-inc.com/antcloud-devops/cafeautoscaler/pkg/apis/autoscaling/v1/anthpa_validation.go:129.48,131.4 1 1
gitlab.alipay-inc.com/antcloud-devops/cafeautoscaler/pkg/apis/autoscaling/v1/anthpa_validation.go:132.45,134.4 1 1
gitlab.alipay-inc.com/antcloud-devops/cafeautoscaler/pkg/apis/autoscaling/v1/anthpa_validation.go:135.30,137.4 1 1
gitlab.alipay-inc.com/antcloud-devops/cafeautoscaler/pkg/apis/autoscaling/v1/anthpa_validation.go:138.29,140.4 1 0
gitlab.alipay-inc.com/antcloud-devops/cafeautoscaler/pkg/apis/autoscaling/v1/anthpa_validation.go:141.39,143.4 1 1
gitlab.alipay-inc.com/antcloud-devops/cafeautoscaler/pkg/apis/autoscaling/v1/anthpa_validation.go:150.72,152.16 2 1
gitlab.alipay-inc.com/antcloud-devops/cafeautoscaler/pkg/apis/autoscaling/v1/anthpa_validation.go:156.2,158.96 2 1
gitlab.alipay-inc.com/antcloud-devops/cafeautoscaler/pkg/apis/autoscaling/v1/anthpa_validation.go:165.2,165.35 1 1
gitlab.alipay-inc.com/antcloud-devops/cafeautoscaler/pkg/apis/autoscaling/v1/anthpa_validation.go:168.2,168.56 1 1
gitlab.alipay-inc.com/antcloud-devops/cafeautoscaler/pkg/apis/autoscaling/v1/anthpa_validation.go:171.2,171.40 1 1
gitlab.alipay-inc.com/antcloud-devops/cafeautoscaler/pkg/apis/autoscaling/v1/anthpa_validation.go:174.2,174.43 1 1
gitlab.alipay-inc.com/antcloud-devops/cafeautoscaler/pkg/apis/autoscaling/v1/anthpa_validation.go:177.2,177.82 1 1
gitlab.alipay-inc.com/antcloud-devops/cafeautoscaler/pkg/apis/autoscaling/v1/anthpa_validation.go:180.2,180.29 1 1
gitlab.alipay-inc.com/antcloud-devops/cafeautoscaler/pkg/apis/autoscaling/v1/anthpa_validation.go:183.2,183.37 1 1
gitlab.alipay-inc.com/antcloud-devops/cafeautoscaler/pkg/apis/autoscaling/v1/anthpa_validation.go:186.2,186.77 1 1
gitlab.alipay-inc.com/antcloud-devops/cafeautoscaler/pkg/apis/autoscaling/v1/anthpa_validation.go:189.2,189.50 1 1
gitlab.alipay-inc.com/antcloud-devops/cafeautoscaler/pkg/apis/autoscaling/v1/anthpa_validation.go:193.2,193.40 1 1
gitlab.alipay-inc.com/antcloud-devops/cafeautoscaler/pkg/apis/autoscaling/v1/anthpa_validation.go:196.2,196.40 1 1
gitlab.alipay-inc.com/antcloud-devops/cafeautoscaler/pkg/apis/autoscaling/v1/anthpa_validation.go:200.2,200.21 1 1
gitlab.alipay-inc.com/antcloud-devops/cafeautoscaler/pkg/apis/autoscaling/v1/anthpa_validation.go:204.2,204.12 1 1
gitlab.alipay-inc.com/antcloud-devops/cafeautoscaler/pkg/apis/autoscaling/v1/anthpa_validation.go:152.16,154.3 1 0
gitlab.alipay-inc.com/antcloud-devops/cafeautoscaler/pkg/apis/autoscaling/v1/anthpa_validation.go:158.97,159.3 0 0
gitlab.alipay-inc.com/antcloud-devops/cafeautoscaler/pkg/apis/autoscaling/v1/anthpa_validation.go:159.8,160.54 1 1
gitlab.alipay-inc.com/antcloud-devops/cafeautoscaler/pkg/apis/autoscaling/v1/anthpa_validation.go:160.54,162.4 1 0
gitlab.alipay-inc.com/antcloud-devops/cafeautoscaler/pkg/apis/autoscaling/v1/anthpa_validation.go:165.35,167.3 1 0
gitlab.alipay-inc.com/antcloud-devops/cafeautoscaler/pkg/apis/autoscaling/v1/anthpa_validation.go:168.56,170.3 1 0
gitlab.alipay-inc.com/antcloud-devops/cafeautoscaler/pkg/apis/autoscaling/v1/anthpa_validation.go:171.40,173.3 1 0
gitlab.alipay-inc.com/antcloud-devops/cafeautoscaler/pkg/apis/autoscaling/v1/anthpa_validation.go:174.43,176.3 1 0
gitlab.alipay-inc.com/antcloud-devops/cafeautoscaler/pkg/apis/autoscaling/v1/anthpa_validation.go:177.82,179.3 1 0
gitlab.alipay-inc.com/antcloud-devops/cafeautoscaler/pkg/apis/autoscaling/v1/anthpa_validation.go:180.29,182.3 1 0
gitlab.alipay-inc.com/antcloud-devops/cafeautoscaler/pkg/apis/autoscaling/v1/anthpa_validation.go:183.37,185.3 1 0
gitlab.alipay-inc.com/antcloud-devops/cafeautoscaler/pkg/apis/autoscaling/v1/anthpa_validation.go:186.77,188.3 1 0
gitlab.alipay-inc.com/antcloud-devops/cafeautoscaler/pkg/apis/autoscaling/v1/anthpa_validation.go:189.50,191.3 1 0
gitlab.alipay-inc.com/antcloud-devops/cafeautoscaler/pkg/apis/autoscaling/v1/anthpa_validation.go:193.40,195.3 1 0
gitlab.alipay-inc.com/antcloud-devops/cafeautoscaler/pkg/apis/autoscaling/v1/anthpa_validation.go:196.40,198.3 1 0
gitlab.alipay-inc.com/antcloud-devops/cafeautoscaler/pkg/apis/autoscaling/v1/anthpa_validation.go:200.21,202.3 1 0
gitlab.alipay-inc.com/antcloud-devops/cafeautoscaler/pkg/apis/autoscaling/v1/anthpa_validation.go:207.70,211.32 3 1
gitlab.alipay-inc.com/antcloud-devops/cafeautoscaler/pkg/apis/autoscaling/v1/anthpa_validation.go:215.2,215.12 1 1
gitlab.alipay-inc.com/antcloud-devops/cafeautoscaler/pkg/apis/autoscaling/v1/anthpa_validation.go:211.32,213.3 1 1
gitlab.alipay-inc.com/antcloud-devops/cafeautoscaler/pkg/apis/autoscaling/v1/register.go:31.41,33.2 1 1
gitlab.alipay-inc.com/antcloud-devops/cafeautoscaler/pkg/apis/autoscaling/v1/register.go:36.53,38.2 1 1
gitlab.alipay-inc.com/antcloud-devops/cafeautoscaler/pkg/apis/autoscaling/v1/register.go:46.50,53.2 3 1
gitlab.alipay-inc.com/antcloud-devops/cafeautoscaler/pkg/apis/autoscaling/v1/zz_generated.defaults.go:29.53,31.2 1 0
gitlab.alipay-inc.com/antcloud-devops/cafeautoscaler/pkg/autoscaler/buffer/aggregation.go:26.65,27.52 1 1
gitlab.alipay-inc.com/antcloud-devops/cafeautoscaler/pkg/autoscaler/buffer/aggregation.go:27.52,28.27 1 1
gitlab.alipay-inc.com/antcloud-devops/cafeautoscaler/pkg/autoscaler/buffer/aggregation.go:28.27,30.4 1 1
gitlab.alipay-inc.com/antcloud-devops/cafeautoscaler/pkg/autoscaler/buffer/aggregation.go:34.119,35.52 1 1
gitlab.alipay-inc.com/antcloud-devops/cafeautoscaler/pkg/autoscaler/buffer/aggregation.go:35.52,36.27 1 1
gitlab.alipay-inc.com/antcloud-devops/cafeautoscaler/pkg/autoscaler/buffer/aggregation.go:36.27,37.61 1 1
gitlab.alipay-inc.com/antcloud-devops/cafeautoscaler/pkg/autoscaler/buffer/aggregation.go:40.4,40.61 1 1
gitlab.alipay-inc.com/antcloud-devops/cafeautoscaler/pkg/autoscaler/buffer/aggregation.go:43.4,43.21 1 1
gitlab.alipay-inc.com/antcloud-devops/cafeautoscaler/pkg/autoscaler/buffer/aggregation.go:37.61,39.5 1 1
gitlab.alipay-inc.com/antcloud-devops/cafeautoscaler/pkg/autoscaler/buffer/aggregation.go:40.61,42.5 1 0
gitlab.alipay-inc.com/antcloud-devops/cafeautoscaler/pkg/autoscaler/buffer/aggregation.go:55.65,58.2 2 1
gitlab.alipay-inc.com/antcloud-devops/cafeautoscaler/pkg/autoscaler/buffer/aggregation.go:61.35,62.18 1 1
gitlab.alipay-inc.com/antcloud-devops/cafeautoscaler/pkg/autoscaler/buffer/aggregation.go:65.2,65.24 1 1
gitlab.alipay-inc.com/antcloud-devops/cafeautoscaler/pkg/autoscaler/buffer/aggregation.go:62.18,64.3 1 1
gitlab.alipay-inc.com/antcloud-devops/cafeautoscaler/pkg/autoscaler/buffer/bucketing.go:35.77,40.2 1 1
gitlab.alipay-inc.com/antcloud-devops/cafeautoscaler/pkg/autoscaler/buffer/bucketing.go:43.82,49.9 5 1
gitlab.alipay-inc.com/antcloud-devops/cafeautoscaler/pkg/autoscaler/buffer/bucketing.go:53.2,53.28 1 1
gitlab.alipay-inc.com/antcloud-devops/cafeautoscaler/pkg/autoscaler/buffer/bucketing.go:49.9,52.3 2 1
gitlab.alipay-inc.com/antcloud-devops/cafeautoscaler/pkg/autoscaler/buffer/bucketing.go:57.46,62.2 3 1
gitlab.alipay-inc.com/antcloud-devops/cafeautoscaler/pkg/autoscaler/buffer/bucketing.go:64.126,69.42 4 1
gitlab.alipay-inc.com/antcloud-devops/cafeautoscaler/pkg/autoscaler/buffer/bucketing.go:72.2,72.14 1 0
gitlab.alipay-inc.com/antcloud-devops/cafeautoscaler/pkg/autoscaler/buffer/bucketing.go:69.42,71.3 1 1
gitlab.alipay-inc.com/antcloud-devops/cafeautoscaler/pkg/autoscaler/buffer/bucketing.go:76.66,80.44 3 1
gitlab.alipay-inc.com/antcloud-devops/cafeautoscaler/pkg/autoscaler/buffer/bucketing.go:80.44,81.28 1 1
gitlab.alipay-inc.com/antcloud-devops/cafeautoscaler/pkg/autoscaler/buffer/bucketing.go:81.28,83.4 1 1
gitlab.alipay-inc.com/antcloud-devops/cafeautoscaler/pkg/autoscaler/buffer/bucketing.go:88.63,92.36 3 1
gitlab.alipay-inc.com/antcloud-devops/cafeautoscaler/pkg/autoscaler/buffer/bucketing.go:92.36,93.30 1 1
gitlab.alipay-inc.com/antcloud-devops/cafeautoscaler/pkg/autoscaler/buffer/bucketing.go:93.30,95.4 1 1
gitlab.alipay-inc.com/antcloud-devops/cafeautoscaler/pkg/autoscaler/buffer/bucketing.go:100.75,104.36 3 1
gitlab.alipay-inc.com/antcloud-devops/cafeautoscaler/pkg/autoscaler/buffer/bucketing.go:104.36,105.64 1 1
gitlab.alipay-inc.com/antcloud-devops/cafeautoscaler/pkg/autoscaler/buffer/bucketing.go:105.64,107.4 1 1
gitlab.alipay-inc.com/antcloud-devops/cafeautoscaler/pkg/autoscaler/buffer/bucketing.go:111.141,112.67 1 1
gitlab.alipay-inc.com/antcloud-devops/cafeautoscaler/pkg/autoscaler/buffer/bucketing.go:134.2,134.14 1 1
gitlab.alipay-inc.com/antcloud-devops/cafeautoscaler/pkg/autoscaler/buffer/bucketing.go:112.67,117.45 5 1
gitlab.alipay-inc.com/antcloud-devops/cafeautoscaler/pkg/autoscaler/buffer/bucketing.go:121.3,123.36 3 1
gitlab.alipay-inc.com/antcloud-devops/cafeautoscaler/pkg/autoscaler/buffer/bucketing.go:130.3,130.48 1 1
gitlab.alipay-inc.com/antcloud-devops/cafeautoscaler/pkg/autoscaler/buffer/bucketing.go:117.45,119.4 1 1
gitlab.alipay-inc.com/antcloud-devops/cafeautoscaler/pkg/autoscaler/buffer/bucketing.go:123.36,125.15 2 1
gitlab.alipay-inc.com/antcloud-devops/cafeautoscaler/pkg/autoscaler/buffer/bucketing.go:125.15,128.5 2 1
gitlab.alipay-inc.com/antcloud-devops/cafeautoscaler/pkg/autoscaler/buffer/bucketing.go:130.48,132.4 1 1
gitlab.alipay-inc.com/antcloud-devops/cafeautoscaler/pkg/autoscaler/buffer/bucketing.go:149.59,155.2 2 1
gitlab.alipay-inc.com/antcloud-devops/cafeautoscaler/pkg/autoscaler/buffer/bucketing.go:159.38,161.26 2 1
gitlab.alipay-inc.com/antcloud-devops/cafeautoscaler/pkg/autoscaler/buffer/bucketing.go:164.2,164.14 1 1
gitlab.alipay-inc.com/antcloud-devops/cafeautoscaler/pkg/autoscaler/buffer/bucketing.go:161.26,163.3 1 1
gitlab.alipay-inc.com/antcloud-devops/cafeautoscaler/pkg/autoscaler/buffer/collector.go:121.63,128.2 2 1
gitlab.alipay-inc.com/antcloud-devops/cafeautoscaler/pkg/autoscaler/buffer/collector.go:130.72,133.34 3 1
gitlab.alipay-inc.com/antcloud-devops/cafeautoscaler/pkg/autoscaler/buffer/collector.go:140.2,141.19 2 1
gitlab.alipay-inc.com/antcloud-devops/cafeautoscaler/pkg/autoscaler/buffer/collector.go:133.34,134.51 1 1
gitlab.alipay-inc.com/antcloud-devops/cafeautoscaler/pkg/autoscaler/buffer/collector.go:138.3,138.65 1 1
gitlab.alipay-inc.com/antcloud-devops/cafeautoscaler/pkg/autoscaler/buffer/collector.go:134.51,136.4 1 1
gitlab.alipay-inc.com/antcloud-devops/cafeautoscaler/pkg/autoscaler/buffer/collector.go:147.88,157.16 6 1
gitlab.alipay-inc.com/antcloud-devops/cafeautoscaler/pkg/autoscaler/buffer/collector.go:161.2,169.52 6 1
gitlab.alipay-inc.com/antcloud-devops/cafeautoscaler/pkg/autoscaler/buffer/collector.go:175.2,176.48 2 1
gitlab.alipay-inc.com/antcloud-devops/cafeautoscaler/pkg/autoscaler/buffer/collector.go:192.2,195.75 3 1
gitlab.alipay-inc.com/antcloud-devops/cafeautoscaler/pkg/autoscaler/buffer/collector.go:200.2,200.73 1 1
gitlab.alipay-inc.com/antcloud-devops/cafeautoscaler/pkg/autoscaler/buffer/collector.go:157.16,159.3 1 0
gitlab.alipay-inc.com/antcloud-devops/cafeautoscaler/pkg/autoscaler/buffer/collector.go:169.52,170.44 1 1
gitlab.alipay-inc.com/antcloud-devops/cafeautoscaler/pkg/autoscaler/buffer/collector.go:170.44,172.4 1 0
gitlab.alipay-inc.com/antcloud-devops/cafeautoscaler/pkg/autoscaler/buffer/collector.go:176.48,178.17 2 1
gitlab.alipay-inc.com/antcloud-devops/cafeautoscaler/pkg/autoscaler/buffer/collector.go:182.3,184.62 2 1
gitlab.alipay-inc.com/antcloud-devops/cafeautoscaler/pkg/autoscaler/buffer/collector.go:178.17,180.12 2 0
gitlab.alipay-inc.com/antcloud-devops/cafeautoscaler/pkg/autoscaler/buffer/collector.go:184.62,187.4 2 1
gitlab.alipay-inc.com/antcloud-devops/cafeautoscaler/pkg/autoscaler/buffer/collector.go:187.9,189.4 1 1
gitlab.alipay-inc.com/antcloud-devops/cafeautoscaler/pkg/autoscaler/buffer/collector.go:195.75,198.3 2 0
gitlab.alipay-inc.com/antcloud-devops/cafeautoscaler/pkg/autoscaler/buffer/collector.go:200.73,202.3 1 0
gitlab.alipay-inc.com/antcloud-devops/cafeautoscaler/pkg/autoscaler/buffer/collector.go:202.8,204.3 1 1
gitlab.alipay-inc.com/antcloud-devops/cafeautoscaler/pkg/autoscaler/buffer/collector.go:208.66,217.42 7 1
gitlab.alipay-inc.com/antcloud-devops/cafeautoscaler/pkg/autoscaler/buffer/collector.go:222.2,222.41 1 1
gitlab.alipay-inc.com/antcloud-devops/cafeautoscaler/pkg/autoscaler/buffer/collector.go:226.2,226.12 1 1
gitlab.alipay-inc.com/antcloud-devops/cafeautoscaler/pkg/autoscaler/buffer/collector.go:217.42,218.44 1 1
gitlab.alipay-inc.com/antcloud-devops/cafeautoscaler/pkg/autoscaler/buffer/collector.go:218.44,220.4 1 1
gitlab.alipay-inc.com/antcloud-devops/cafeautoscaler/pkg/autoscaler/buffer/collector.go:222.41,225.3 2 1
gitlab.alipay-inc.com/antcloud-devops/cafeautoscaler/pkg/autoscaler/buffer/collector.go:230.72,234.54 3 1
gitlab.alipay-inc.com/antcloud-devops/cafeautoscaler/pkg/autoscaler/buffer/collector.go:234.54,236.3 1 1
gitlab.alipay-inc.com/antcloud-devops/cafeautoscaler/pkg/autoscaler/buffer/collector.go:239.74,244.12 4 1
gitlab.alipay-inc.com/antcloud-devops/cafeautoscaler/pkg/autoscaler/buffer/collector.go:244.12,246.3 1 1
gitlab.alipay-inc.com/antcloud-devops/cafeautoscaler/pkg/autoscaler/buffer/collector.go:249.178,254.13 4 1
gitlab.alipay-inc.com/antcloud-devops/cafeautoscaler/pkg/autoscaler/buffer/collector.go:257.2,262.28 5 1
gitlab.alipay-inc.com/antcloud-devops/cafeautoscaler/pkg/autoscaler/buffer/collector.go:254.13,256.3 1 0
gitlab.alipay-inc.com/antcloud-devops/cafeautoscaler/pkg/autoscaler/buffer/collector.go:267.146,272.13 4 1
gitlab.alipay-inc.com/antcloud-devops/cafeautoscaler/pkg/autoscaler/buffer/collector.go:281.2,281.49 1 1
gitlab.alipay-inc.com/antcloud-devops/cafeautoscaler/pkg/autoscaler/buffer/collector.go:290.2,290.90 1 1
gitlab.alipay-inc.com/antcloud-devops/cafeautoscaler/pkg/autoscaler/buffer/collector.go:272.13,279.3 1 0
gitlab.alipay-inc.com/antcloud-devops/cafeautoscaler/pkg/autoscaler/buffer/collector.go:281.49,288.3 1 1
gitlab.alipay-inc.com/antcloud-devops/cafeautoscaler/pkg/autoscaler/buffer/collector.go:294.121,297.33 2 1
gitlab.alipay-inc.com/antcloud-devops/cafeautoscaler/pkg/autoscaler/buffer/collector.go:302.2,302.22 1 1
gitlab.alipay-inc.com/antcloud-devops/cafeautoscaler/pkg/autoscaler/buffer/collector.go:297.33,298.97 1 1
gitlab.alipay-inc.com/antcloud-devops/cafeautoscaler/pkg/autoscaler/buffer/collector.go:298.97,300.4 1 1
gitlab.alipay-inc.com/antcloud-devops/cafeautoscaler/pkg/autoscaler/buffer/collector.go:323.71,338.2 2 1
gitlab.alipay-inc.com/antcloud-devops/cafeautoscaler/pkg/autoscaler/buffer/collector.go:341.74,350.2 7 1
gitlab.alipay-inc.com/antcloud-devops/cafeautoscaler/pkg/autoscaler/buffer/collector.go:353.69,358.2 3 1
gitlab.alipay-inc.com/antcloud-devops/cafeautoscaler/pkg/autoscaler/buffer/collector.go:361.40,373.2 5 1
gitlab.alipay-inc.com/antcloud-devops/cafeautoscaler/pkg/autoscaler/buffer/collector.go:375.44,380.2 4 1
gitlab.alipay-inc.com/antcloud-devops/cafeautoscaler/pkg/autoscaler/buffer/collector.go:382.147,387.77 3 1
gitlab.alipay-inc.com/antcloud-devops/cafeautoscaler/pkg/autoscaler/buffer/collector.go:407.2,408.40 2 1
gitlab.alipay-inc.com/antcloud-devops/cafeautoscaler/pkg/autoscaler/buffer/collector.go:423.2,423.25 1 1
gitlab.alipay-inc.com/antcloud-devops/cafeautoscaler/pkg/autoscaler/buffer/collector.go:387.77,389.83 1 1
gitlab.alipay-inc.com/antcloud-devops/cafeautoscaler/pkg/autoscaler/buffer/collector.go:389.83,391.4 1 1
gitlab.alipay-inc.com/antcloud-devops/cafeautoscaler/pkg/autoscaler/buffer/collector.go:392.8,392.85 1 1
gitlab.alipay-inc.com/antcloud-devops/cafeautoscaler/pkg/autoscaler/buffer/collector.go:392.85,394.81 1 1
gitlab.alipay-inc.com/antcloud-devops/cafeautoscaler/pkg/autoscaler/buffer/collector.go:394.81,396.4 1 1
gitlab.alipay-inc.com/antcloud-devops/cafeautoscaler/pkg/autoscaler/buffer/collector.go:397.8,399.41 1 0
gitlab.alipay-inc.com/antcloud-devops/cafeautoscaler/pkg/autoscaler/buffer/collector.go:399.41,401.4 1 0
gitlab.alipay-inc.com/antcloud-devops/cafeautoscaler/pkg/autoscaler/buffer/collector.go:401.9,401.50 1 0
gitlab.alipay-inc.com/antcloud-devops/cafeautoscaler/pkg/autoscaler/buffer/collector.go:401.50,403.4 1 0
gitlab.alipay-inc.com/antcloud-devops/cafeautoscaler/pkg/autoscaler/buffer/collector.go:408.40,409.73 1 1
gitlab.alipay-inc.com/antcloud-devops/cafeautoscaler/pkg/autoscaler/buffer/collector.go:414.3,414.78 1 1
gitlab.alipay-inc.com/antcloud-devops/cafeautoscaler/pkg/autoscaler/buffer/collector.go:409.73,413.4 3 0
gitlab.alipay-inc.com/antcloud-devops/cafeautoscaler/pkg/autoscaler/buffer/collector.go:415.8,415.49 1 1
gitlab.alipay-inc.com/antcloud-devops/cafeautoscaler/pkg/autoscaler/buffer/collector.go:415.49,416.74 1 1
gitlab.alipay-inc.com/antcloud-devops/cafeautoscaler/pkg/autoscaler/buffer/collector.go:421.3,421.79 1 1
gitlab.alipay-inc.com/antcloud-devops/cafeautoscaler/pkg/autoscaler/buffer/collector.go:416.74,420.4 3 0
gitlab.alipay-inc.com/antcloud-devops/cafeautoscaler/pkg/autoscaler/buffer/collector.go:428.114,430.2 1 1
gitlab.alipay-inc.com/antcloud-devops/cafeautoscaler/pkg/autoscaler/buffer/collector.go:434.138,441.23 5 1
gitlab.alipay-inc.com/antcloud-devops/cafeautoscaler/pkg/autoscaler/buffer/collector.go:449.2,449.130 1 1
gitlab.alipay-inc.com/antcloud-devops/cafeautoscaler/pkg/autoscaler/buffer/collector.go:458.2,474.96 8 1
gitlab.alipay-inc.com/antcloud-devops/cafeautoscaler/pkg/autoscaler/buffer/collector.go:477.2,477.43 1 1
gitlab.alipay-inc.com/antcloud-devops/cafeautoscaler/pkg/autoscaler/buffer/collector.go:481.2,481.19 1 1
gitlab.alipay-inc.com/antcloud-devops/cafeautoscaler/pkg/autoscaler/buffer/collector.go:441.23,448.3 1 1
gitlab.alipay-inc.com/antcloud-devops/cafeautoscaler/pkg/autoscaler/buffer/collector.go:449.130,456.3 1 0
gitlab.alipay-inc.com/antcloud-devops/cafeautoscaler/pkg/autoscaler/buffer/collector.go:474.96,476.3 1 0
gitlab.alipay-inc.com/antcloud-devops/cafeautoscaler/pkg/autoscaler/buffer/collector.go:477.43,480.3 2 0
gitlab.alipay-inc.com/antcloud-devops/cafeautoscaler/pkg/autoscaler/buffer/collector.go:485.30,487.2 1 1
gitlab.alipay-inc.com/antcloud-devops/cafeautoscaler/pkg/autoscaler/buffer/stat_result.go:28.51,29.29 1 0
gitlab.alipay-inc.com/antcloud-devops/cafeautoscaler/pkg/autoscaler/buffer/stat_result.go:29.29,31.3 1 0
gitlab.alipay-inc.com/antcloud-devops/cafeautoscaler/pkg/autoscaler/buffer/stat_result.go:31.8,31.40 1 0
gitlab.alipay-inc.com/antcloud-devops/cafeautoscaler/pkg/autoscaler/buffer/stat_result.go:31.40,33.3 1 0
gitlab.alipay-inc.com/antcloud-devops/cafeautoscaler/pkg/autoscaler/buffer/stat_result.go:33.8,33.37 1 0
gitlab.alipay-inc.com/antcloud-devops/cafeautoscaler/pkg/autoscaler/buffer/stat_result.go:33.37,35.3 1 0
gitlab.alipay-inc.com/antcloud-devops/cafeautoscaler/pkg/autoscaler/buffer/stat_result.go:35.8,35.38 1 0
gitlab.alipay-inc.com/antcloud-devops/cafeautoscaler/pkg/autoscaler/buffer/stat_result.go:35.38,37.3 1 0
gitlab.alipay-inc.com/antcloud-devops/cafeautoscaler/pkg/autoscaler/buffer/stat_result.go:37.8,39.3 1 0
gitlab.alipay-inc.com/antcloud-devops/cafeautoscaler/pkg/autoscaler/aggregate/algebra.go:8.86,18.2 8 1
gitlab.alipay-inc.com/antcloud-devops/cafeautoscaler/pkg/autoscaler/aggregate/algebra.go:21.93,33.2 10 1
gitlab.alipay-inc.com/antcloud-devops/cafeautoscaler/pkg/autoscaler/aggregate/algebra.go:36.93,48.2 10 1
gitlab.alipay-inc.com/antcloud-devops/cafeautoscaler/pkg/autoscaler/aggregate/autoscaler.go:79.57,83.16 3 1
gitlab.alipay-inc.com/antcloud-devops/cafeautoscaler/pkg/autoscaler/aggregate/autoscaler.go:87.2,87.21 1 1
gitlab.alipay-inc.com/antcloud-devops/cafeautoscaler/pkg/autoscaler/aggregate/autoscaler.go:91.2,92.140 2 1
gitlab.alipay-inc.com/antcloud-devops/cafeautoscaler/pkg/autoscaler/aggregate/autoscaler.go:95.2,107.8 1 1
gitlab.alipay-inc.com/antcloud-devops/cafeautoscaler/pkg/autoscaler/aggregate/autoscaler.go:83.16,85.3 1 0
gitlab.alipay-inc.com/antcloud-devops/cafeautoscaler/pkg/autoscaler/aggregate/autoscaler.go:87.21,89.3 1 0
gitlab.alipay-inc.com/antcloud-devops/cafeautoscaler/pkg/autoscaler/aggregate/autoscaler.go:92.140,94.3 1 0
gitlab.alipay-inc.com/antcloud-devops/cafeautoscaler/pkg/autoscaler/aggregate/autoscaler.go:111.67,115.128 3 1
gitlab.alipay-inc.com/antcloud-devops/cafeautoscaler/pkg/autoscaler/aggregate/autoscaler.go:118.2,119.12 2 1
gitlab.alipay-inc.com/antcloud-devops/cafeautoscaler/pkg/autoscaler/aggregate/autoscaler.go:115.128,117.3 1 0
gitlab.alipay-inc.com/antcloud-devops/cafeautoscaler/pkg/autoscaler/aggregate/autoscaler.go:122.168,124.52 2 1
gitlab.alipay-inc.com/antcloud-devops/cafeautoscaler/pkg/autoscaler/aggregate/autoscaler.go:144.2,144.49 1 1
gitlab.alipay-inc.com/antcloud-devops/cafeautoscaler/pkg/autoscaler/aggregate/autoscaler.go:150.2,151.44 2 1
gitlab.alipay-inc.com/antcloud-devops/cafeautoscaler/pkg/autoscaler/aggregate/autoscaler.go:156.2,156.39 1 1
gitlab.alipay-inc.com/antcloud-devops/cafeautoscaler/pkg/autoscaler/aggregate/autoscaler.go:159.2,159.12 1 1
gitlab.alipay-inc.com/antcloud-devops/cafeautoscaler/pkg/autoscaler/aggregate/autoscaler.go:124.52,126.17 2 1
gitlab.alipay-inc.com/antcloud-devops/cafeautoscaler/pkg/autoscaler/aggregate/autoscaler.go:129.3,140.4 2 1
gitlab.alipay-inc.com/antcloud-devops/cafeautoscaler/pkg/autoscaler/aggregate/autoscaler.go:126.17,128.4 1 0
gitlab.alipay-inc.com/antcloud-devops/cafeautoscaler/pkg/autoscaler/aggregate/autoscaler.go:144.49,145.53 1 1
gitlab.alipay-inc.com/antcloud-devops/cafeautoscaler/pkg/autoscaler/aggregate/autoscaler.go:145.53,147.4 1 1
gitlab.alipay-inc.com/antcloud-devops/cafeautoscaler/pkg/autoscaler/aggregate/autoscaler.go:151.44,152.48 1 1
gitlab.alipay-inc.com/antcloud-devops/cafeautoscaler/pkg/autoscaler/aggregate/autoscaler.go:152.48,154.4 1 1
gitlab.alipay-inc.com/antcloud-devops/cafeautoscaler/pkg/autoscaler/aggregate/autoscaler.go:156.39,158.3 1 1
gitlab.alipay-inc.com/antcloud-devops/cafeautoscaler/pkg/autoscaler/aggregate/autoscaler.go:162.53,164.2 1 0
gitlab.alipay-inc.com/antcloud-devops/cafeautoscaler/pkg/autoscaler/aggregate/autoscaler.go:166.133,182.77 8 1
gitlab.alipay-inc.com/antcloud-devops/cafeautoscaler/pkg/autoscaler/aggregate/autoscaler.go:182.77,189.3 4 0
gitlab.alipay-inc.com/antcloud-devops/cafeautoscaler/pkg/autoscaler/aggregate/autoscaler.go:189.8,191.49 2 1
gitlab.alipay-inc.com/antcloud-devops/cafeautoscaler/pkg/autoscaler/aggregate/autoscaler.go:204.3,206.90 2 1
gitlab.alipay-inc.com/antcloud-devops/cafeautoscaler/pkg/autoscaler/aggregate/autoscaler.go:191.49,203.4 1 1
gitlab.alipay-inc.com/antcloud-devops/cafeautoscaler/pkg/autoscaler/aggregate/autoscaler.go:206.90,207.53 1 1
gitlab.alipay-inc.com/antcloud-devops/cafeautoscaler/pkg/autoscaler/aggregate/autoscaler.go:211.4,215.33 3 1
gitlab.alipay-inc.com/antcloud-devops/cafeautoscaler/pkg/autoscaler/aggregate/autoscaler.go:207.53,209.5 1 1
gitlab.alipay-inc.com/antcloud-devops/cafeautoscaler/pkg/autoscaler/aggregate/autoscaler.go:215.33,223.78 5 1
gitlab.alipay-inc.com/antcloud-devops/cafeautoscaler/pkg/autoscaler/aggregate/autoscaler.go:239.5,241.46 2 1
gitlab.alipay-inc.com/antcloud-devops/cafeautoscaler/pkg/autoscaler/aggregate/autoscaler.go:244.5,244.23 1 1
gitlab.alipay-inc.com/antcloud-devops/cafeautoscaler/pkg/autoscaler/aggregate/autoscaler.go:223.78,226.83 2 1
gitlab.alipay-inc.com/antcloud-devops/cafeautoscaler/pkg/autoscaler/aggregate/autoscaler.go:226.83,228.7 1 0
gitlab.alipay-inc.com/antcloud-devops/cafeautoscaler/pkg/autoscaler/aggregate/autoscaler.go:228.12,230.7 1 1
gitlab.alipay-inc.com/antcloud-devops/cafeautoscaler/pkg/autoscaler/aggregate/autoscaler.go:231.11,231.86 1 0
gitlab.alipay-inc.com/antcloud-devops/cafeautoscaler/pkg/autoscaler/aggregate/autoscaler.go:231.86,234.6 2 0
gitlab.alipay-inc.com/antcloud-devops/cafeautoscaler/pkg/autoscaler/aggregate/autoscaler.go:234.11,234.86 1 0
gitlab.alipay-inc.com/antcloud-devops/cafeautoscaler/pkg/autoscaler/aggregate/autoscaler.go:234.86,237.6 2 0
gitlab.alipay-inc.com/antcloud-devops/cafeautoscaler/pkg/autoscaler/aggregate/autoscaler.go:241.46,243.6 1 0
gitlab.alipay-inc.com/antcloud-devops/cafeautoscaler/pkg/autoscaler/aggregate/autoscaler.go:245.10,249.5 3 0
gitlab.alipay-inc.com/antcloud-devops/cafeautoscaler/pkg/autoscaler/aggregate/autoscaler.go:250.9,251.53 1 1
gitlab.alipay-inc.com/antcloud-devops/cafeautoscaler/pkg/autoscaler/aggregate/autoscaler.go:254.4,258.22 4 1
gitlab.alipay-inc.com/antcloud-devops/cafeautoscaler/pkg/autoscaler/aggregate/autoscaler.go:251.53,253.5 1 0
gitlab.alipay-inc.com/antcloud-devops/cafeautoscaler/pkg/autoscaler/aggregate/autoscaler.go:264.233,268.2 3 1
gitlab.alipay-inc.com/antcloud-devops/cafeautoscaler/pkg/autoscaler/aggregate/autoscaler.go:270.101,276.30 5 1
gitlab.alipay-inc.com/antcloud-devops/cafeautoscaler/pkg/autoscaler/aggregate/autoscaler.go:281.2,285.16 5 1
gitlab.alipay-inc.com/antcloud-devops/cafeautoscaler/pkg/autoscaler/aggregate/autoscaler.go:289.2,289.28 1 1
gitlab.alipay-inc.com/antcloud-devops/cafeautoscaler/pkg/autoscaler/aggregate/autoscaler.go:276.30,279.3 2 0
gitlab.alipay-inc.com/antcloud-devops/cafeautoscaler/pkg/autoscaler/aggregate/autoscaler.go:285.16,288.3 2 0
gitlab.alipay-inc.com/antcloud-devops/cafeautoscaler/pkg/autoscaler/aggregate/autoscaler.go:289.28,292.17 2 1
gitlab.alipay-inc.com/antcloud-devops/cafeautoscaler/pkg/autoscaler/aggregate/autoscaler.go:296.3,298.63 1 1
gitlab.alipay-inc.com/antcloud-devops/cafeautoscaler/pkg/autoscaler/aggregate/autoscaler.go:292.17,295.4 2 0
gitlab.alipay-inc.com/antcloud-devops/cafeautoscaler/pkg/autoscaler/aggregate/autoscaler.go:299.8,300.61 1 1
gitlab.alipay-inc.com/antcloud-devops/cafeautoscaler/pkg/autoscaler/aggregate/autoscaler.go:300.61,303.4 2 0
gitlab.alipay-inc.com/antcloud-devops/cafeautoscaler/pkg/autoscaler/aggregate/autoscaler.go:303.9,308.4 2 1
gitlab.alipay-inc.com/antcloud-devops/cafeautoscaler/pkg/autoscaler/aggregate/autoscaler.go:312.164,314.32 2 1
gitlab.alipay-inc.com/antcloud-devops/cafeautoscaler/pkg/autoscaler/aggregate/autoscaler.go:325.2,325.26 1 1
gitlab.alipay-inc.com/antcloud-devops/cafeautoscaler/pkg/autoscaler/aggregate/autoscaler.go:314.32,316.3 1 1
gitlab.alipay-inc.com/antcloud-devops/cafeautoscaler/pkg/autoscaler/aggregate/autoscaler.go:316.8,318.76 2 1
gitlab.alipay-inc.com/antcloud-devops/cafeautoscaler/pkg/autoscaler/aggregate/autoscaler.go:321.3,323.111 3 1
gitlab.alipay-inc.com/antcloud-devops/cafeautoscaler/pkg/autoscaler/aggregate/autoscaler.go:318.76,320.4 1 0
gitlab.alipay-inc.com/antcloud-devops/cafeautoscaler/pkg/autoscaler/aggregate/autoscaler.go:328.145,329.62 1 1
gitlab.alipay-inc.com/antcloud-devops/cafeautoscaler/pkg/autoscaler/aggregate/autoscaler.go:329.62,332.3 2 0
gitlab.alipay-inc.com/antcloud-devops/cafeautoscaler/pkg/autoscaler/aggregate/autoscaler.go:332.8,332.69 1 1
gitlab.alipay-inc.com/antcloud-devops/cafeautoscaler/pkg/autoscaler/aggregate/autoscaler.go:332.69,335.3 2 0
gitlab.alipay-inc.com/antcloud-devops/cafeautoscaler/pkg/autoscaler/aggregate/autoscaler.go:335.8,340.3 2 1
gitlab.alipay-inc.com/antcloud-devops/cafeautoscaler/pkg/autoscaler/aggregate/autoscaler.go:343.100,349.31 5 1
gitlab.alipay-inc.com/antcloud-devops/cafeautoscaler/pkg/autoscaler/aggregate/autoscaler.go:349.31,352.3 2 0
gitlab.alipay-inc.com/antcloud-devops/cafeautoscaler/pkg/autoscaler/aggregate/autoscaler.go:358.188,368.68 8 1
gitlab.alipay-inc.com/antcloud-devops/cafeautoscaler/pkg/autoscaler/aggregate/autoscaler.go:403.2,403.19 1 1
gitlab.alipay-inc.com/antcloud-devops/cafeautoscaler/pkg/autoscaler/aggregate/autoscaler.go:409.2,409.38 1 1
gitlab.alipay-inc.com/antcloud-devops/cafeautoscaler/pkg/autoscaler/aggregate/autoscaler.go:415.2,420.48 5 1
gitlab.alipay-inc.com/antcloud-devops/cafeautoscaler/pkg/autoscaler/aggregate/autoscaler.go:456.2,459.16 3 1
gitlab.alipay-inc.com/antcloud-devops/cafeautoscaler/pkg/autoscaler/aggregate/autoscaler.go:465.2,467.60 3 1
gitlab.alipay-inc.com/antcloud-devops/cafeautoscaler/pkg/autoscaler/aggregate/autoscaler.go:481.2,484.8 2 1
gitlab.alipay-inc.com/antcloud-devops/cafeautoscaler/pkg/autoscaler/aggregate/autoscaler.go:368.68,377.17 5 1
gitlab.alipay-inc.com/antcloud-devops/cafeautoscaler/pkg/autoscaler/aggregate/autoscaler.go:382.3,382.29 1 1
gitlab.alipay-inc.com/antcloud-devops/cafeautoscaler/pkg/autoscaler/aggregate/autoscaler.go:400.3,400.9 1 1
gitlab.alipay-inc.com/antcloud-devops/cafeautoscaler/pkg/autoscaler/aggregate/autoscaler.go:377.17,381.4 3 0
gitlab.alipay-inc.com/antcloud-devops/cafeautoscaler/pkg/autoscaler/aggregate/autoscaler.go:382.29,385.18 2 1
gitlab.alipay-inc.com/antcloud-devops/cafeautoscaler/pkg/autoscaler/aggregate/autoscaler.go:389.4,389.169 1 1
gitlab.alipay-inc.com/antcloud-devops/cafeautoscaler/pkg/autoscaler/aggregate/autoscaler.go:385.18,388.5 2 0
gitlab.alipay-inc.com/antcloud-devops/cafeautoscaler/pkg/autoscaler/aggregate/autoscaler.go:390.9,391.64 1 0
gitlab.alipay-inc.com/antcloud-devops/cafeautoscaler/pkg/autoscaler/aggregate/autoscaler.go:391.64,394.5 2 0
gitlab.alipay-inc.com/antcloud-devops/cafeautoscaler/pkg/autoscaler/aggregate/autoscaler.go:394.10,397.5 2 0
gitlab.alipay-inc.com/antcloud-devops/cafeautoscaler/pkg/autoscaler/aggregate/autoscaler.go:403.19,406.3 2 0
gitlab.alipay-inc.com/antcloud-devops/cafeautoscaler/pkg/autoscaler/aggregate/autoscaler.go:409.38,412.3 2 1
gitlab.alipay-inc.com/antcloud-devops/cafeautoscaler/pkg/autoscaler/aggregate/autoscaler.go:420.48,422.17 2 1
gitlab.alipay-inc.com/antcloud-devops/cafeautoscaler/pkg/autoscaler/aggregate/autoscaler.go:427.3,436.22 3 1
gitlab.alipay-inc.com/antcloud-devops/cafeautoscaler/pkg/autoscaler/aggregate/autoscaler.go:439.3,439.27 1 1
gitlab.alipay-inc.com/antcloud-devops/cafeautoscaler/pkg/autoscaler/aggregate/autoscaler.go:442.3,442.18 1 1
gitlab.alipay-inc.com/antcloud-devops/cafeautoscaler/pkg/autoscaler/aggregate/autoscaler.go:446.3,451.43 5 1
gitlab.alipay-inc.com/antcloud-devops/cafeautoscaler/pkg/autoscaler/aggregate/autoscaler.go:422.17,424.12 2 0
gitlab.alipay-inc.com/antcloud-devops/cafeautoscaler/pkg/autoscaler/aggregate/autoscaler.go:436.22,438.4 1 1
gitlab.alipay-inc.com/antcloud-devops/cafeautoscaler/pkg/autoscaler/aggregate/autoscaler.go:439.27,441.4 1 1
gitlab.alipay-inc.com/antcloud-devops/cafeautoscaler/pkg/autoscaler/aggregate/autoscaler.go:442.18,444.12 2 1
gitlab.alipay-inc.com/antcloud-devops/cafeautoscaler/pkg/autoscaler/aggregate/autoscaler.go:451.43,454.4 2 1
gitlab.alipay-inc.com/antcloud-devops/cafeautoscaler/pkg/autoscaler/aggregate/autoscaler.go:459.16,462.3 2 1
gitlab.alipay-inc.com/antcloud-devops/cafeautoscaler/pkg/autoscaler/aggregate/autoscaler.go:467.60,468.23 1 0
gitlab.alipay-inc.com/antcloud-devops/cafeautoscaler/pkg/autoscaler/aggregate/autoscaler.go:472.3,473.57 2 0
gitlab.alipay-inc.com/antcloud-devops/cafeautoscaler/pkg/autoscaler/aggregate/autoscaler.go:468.23,471.4 2 0
gitlab.alipay-inc.com/antcloud-devops/cafeautoscaler/pkg/autoscaler/aggregate/autoscaler.go:474.8,479.3 2 1
gitlab.alipay-inc.com/antcloud-devops/cafeautoscaler/pkg/autoscaler/aggregate/autoscaler.go:488.45,491.68 2 1
gitlab.alipay-inc.com/antcloud-devops/cafeautoscaler/pkg/autoscaler/aggregate/autoscaler.go:502.2,502.24 1 1
gitlab.alipay-inc.com/antcloud-devops/cafeautoscaler/pkg/autoscaler/aggregate/autoscaler.go:491.68,493.3 1 1
gitlab.alipay-inc.com/antcloud-devops/cafeautoscaler/pkg/autoscaler/aggregate/autoscaler.go:493.8,493.73 1 1
gitlab.alipay-inc.com/antcloud-devops/cafeautoscaler/pkg/autoscaler/aggregate/autoscaler.go:493.73,500.3 6 0
gitlab.alipay-inc.com/antcloud-devops/cafeautoscaler/pkg/autoscaler/aggregate/autoscaler.go:505.117,514.24 8 1
gitlab.alipay-inc.com/antcloud-devops/cafeautoscaler/pkg/autoscaler/aggregate/autoscaler.go:518.2,518.36 1 1
gitlab.alipay-inc.com/antcloud-devops/cafeautoscaler/pkg/autoscaler/aggregate/autoscaler.go:524.2,524.8 1 1
gitlab.alipay-inc.com/antcloud-devops/cafeautoscaler/pkg/autoscaler/aggregate/autoscaler.go:514.24,517.3 2 0
gitlab.alipay-inc.com/antcloud-devops/cafeautoscaler/pkg/autoscaler/aggregate/autoscaler.go:518.36,521.3 2 0
gitlab.alipay-inc.com/antcloud-devops/cafeautoscaler/pkg/autoscaler/aggregate/autoscaler.go:528.87,529.26 1 1
gitlab.alipay-inc.com/antcloud-devops/cafeautoscaler/pkg/autoscaler/aggregate/autoscaler.go:534.2,544.16 9 1
gitlab.alipay-inc.com/antcloud-devops/cafeautoscaler/pkg/autoscaler/aggregate/autoscaler.go:549.2,549.18 1 1
gitlab.alipay-inc.com/antcloud-devops/cafeautoscaler/pkg/autoscaler/aggregate/autoscaler.go:559.2,560.8 2 1
gitlab.alipay-inc.com/antcloud-devops/cafeautoscaler/pkg/autoscaler/aggregate/autoscaler.go:529.26,532.3 2 0
gitlab.alipay-inc.com/antcloud-devops/cafeautoscaler/pkg/autoscaler/aggregate/autoscaler.go:544.16,547.3 2 0
gitlab.alipay-inc.com/antcloud-devops/cafeautoscaler/pkg/autoscaler/aggregate/autoscaler.go:549.18,553.3 2 1
gitlab.alipay-inc.com/antcloud-devops/cafeautoscaler/pkg/autoscaler/aggregate/autoscaler.go:553.8,553.25 1 1
gitlab.alipay-inc.com/antcloud-devops/cafeautoscaler/pkg/autoscaler/aggregate/autoscaler.go:553.25,557.3 2 1
gitlab.alipay-inc.com/antcloud-devops/cafeautoscaler/pkg/autoscaler/aggregate/autoscaler.go:563.124,564.26 1 1
gitlab.alipay-inc.com/antcloud-devops/cafeautoscaler/pkg/autoscaler/aggregate/autoscaler.go:569.2,576.39 7 1
gitlab.alipay-inc.com/antcloud-devops/cafeautoscaler/pkg/autoscaler/aggregate/autoscaler.go:592.2,592.46 1 1
gitlab.alipay-inc.com/antcloud-devops/cafeautoscaler/pkg/autoscaler/aggregate/autoscaler.go:564.26,567.3 2 1
gitlab.alipay-inc.com/antcloud-devops/cafeautoscaler/pkg/autoscaler/aggregate/autoscaler.go:576.39,578.65 1 1
gitlab.alipay-inc.com/antcloud-devops/cafeautoscaler/pkg/autoscaler/aggregate/autoscaler.go:578.65,580.4 1 1
gitlab.alipay-inc.com/antcloud-devops/cafeautoscaler/pkg/autoscaler/aggregate/autoscaler.go:580.9,580.71 1 1
gitlab.alipay-inc.com/antcloud-devops/cafeautoscaler/pkg/autoscaler/aggregate/autoscaler.go:580.71,582.4 1 1
gitlab.alipay-inc.com/antcloud-devops/cafeautoscaler/pkg/autoscaler/aggregate/autoscaler.go:583.8,583.46 1 1
gitlab.alipay-inc.com/antcloud-devops/cafeautoscaler/pkg/autoscaler/aggregate/autoscaler.go:583.46,585.67 1 1
gitlab.alipay-inc.com/antcloud-devops/cafeautoscaler/pkg/autoscaler/aggregate/autoscaler.go:585.67,587.4 1 1
gitlab.alipay-inc.com/antcloud-devops/cafeautoscaler/pkg/autoscaler/aggregate/autoscaler.go:587.9,587.73 1 1
gitlab.alipay-inc.com/antcloud-devops/cafeautoscaler/pkg/autoscaler/aggregate/autoscaler.go:587.73,589.4 1 1
gitlab.alipay-inc.com/antcloud-devops/cafeautoscaler/pkg/autoscaler/aggregate/autoscaler.go:592.46,595.3 1 1
gitlab.alipay-inc.com/antcloud-devops/cafeautoscaler/pkg/autoscaler/aggregate/autoscaler.go:595.8,597.3 1 0
gitlab.alipay-inc.com/antcloud-devops/cafeautoscaler/pkg/autoscaler/aggregate/autoscaler.go:601.76,602.26 1 1
gitlab.alipay-inc.com/antcloud-devops/cafeautoscaler/pkg/autoscaler/aggregate/autoscaler.go:607.2,613.53 6 1
gitlab.alipay-inc.com/antcloud-devops/cafeautoscaler/pkg/autoscaler/aggregate/autoscaler.go:622.2,623.44 2 1
gitlab.alipay-inc.com/antcloud-devops/cafeautoscaler/pkg/autoscaler/aggregate/autoscaler.go:602.26,605.3 2 0
gitlab.alipay-inc.com/antcloud-devops/cafeautoscaler/pkg/autoscaler/aggregate/autoscaler.go:613.53,614.57 1 1
gitlab.alipay-inc.com/antcloud-devops/cafeautoscaler/pkg/autoscaler/aggregate/autoscaler.go:617.3,617.59 1 1
gitlab.alipay-inc.com/antcloud-devops/cafeautoscaler/pkg/autoscaler/aggregate/autoscaler.go:614.57,616.4 1 1
gitlab.alipay-inc.com/antcloud-devops/cafeautoscaler/pkg/autoscaler/aggregate/autoscaler.go:617.59,619.4 1 1
gitlab.alipay-inc.com/antcloud-devops/cafeautoscaler/pkg/autoscaler/aggregate/autoscaler.go:623.44,625.64 1 1
gitlab.alipay-inc.com/antcloud-devops/cafeautoscaler/pkg/autoscaler/aggregate/autoscaler.go:637.3,638.161 1 1
gitlab.alipay-inc.com/antcloud-devops/cafeautoscaler/pkg/autoscaler/aggregate/autoscaler.go:642.3,642.9 1 1
gitlab.alipay-inc.com/antcloud-devops/cafeautoscaler/pkg/autoscaler/aggregate/autoscaler.go:625.64,627.52 1 0
gitlab.alipay-inc.com/antcloud-devops/cafeautoscaler/pkg/autoscaler/aggregate/autoscaler.go:627.52,630.5 2 0
gitlab.alipay-inc.com/antcloud-devops/cafeautoscaler/pkg/autoscaler/aggregate/autoscaler.go:630.10,630.59 1 0
gitlab.alipay-inc.com/antcloud-devops/cafeautoscaler/pkg/autoscaler/aggregate/autoscaler.go:630.59,633.5 2 0
gitlab.alipay-inc.com/antcloud-devops/cafeautoscaler/pkg/autoscaler/aggregate/autoscaler.go:638.161,640.4 1 0
gitlab.alipay-inc.com/antcloud-devops/cafeautoscaler/pkg/autoscaler/aggregate/autoscaler.go:643.8,643.51 1 1
gitlab.alipay-inc.com/antcloud-devops/cafeautoscaler/pkg/autoscaler/aggregate/autoscaler.go:643.51,645.64 1 1
gitlab.alipay-inc.com/antcloud-devops/cafeautoscaler/pkg/autoscaler/aggregate/autoscaler.go:656.3,657.165 1 1
gitlab.alipay-inc.com/antcloud-devops/cafeautoscaler/pkg/autoscaler/aggregate/autoscaler.go:660.3,660.9 1 1
gitlab.alipay-inc.com/antcloud-devops/cafeautoscaler/pkg/autoscaler/aggregate/autoscaler.go:645.64,646.52 1 0
gitlab.alipay-inc.com/antcloud-devops/cafeautoscaler/pkg/autoscaler/aggregate/autoscaler.go:646.52,649.5 2 0
gitlab.alipay-inc.com/antcloud-devops/cafeautoscaler/pkg/autoscaler/aggregate/autoscaler.go:649.10,649.59 1 0
gitlab.alipay-inc.com/antcloud-devops/cafeautoscaler/pkg/autoscaler/aggregate/autoscaler.go:649.59,652.5 2 0
gitlab.alipay-inc.com/antcloud-devops/cafeautoscaler/pkg/autoscaler/aggregate/autoscaler.go:657.165,659.4 1 0
gitlab.alipay-inc.com/antcloud-devops/cafeautoscaler/pkg/autoscaler/aggregate/autoscaler.go:664.168,665.81 1 1
gitlab.alipay-inc.com/antcloud-devops/cafeautoscaler/pkg/autoscaler/aggregate/autoscaler.go:670.2,670.13 1 1
gitlab.alipay-inc.com/antcloud-devops/cafeautoscaler/pkg/autoscaler/aggregate/autoscaler.go:665.81,669.3 3 1
gitlab.alipay-inc.com/antcloud-devops/cafeautoscaler/pkg/autoscaler/aggregate/autoscaler.go:673.112,674.26 1 1
gitlab.alipay-inc.com/antcloud-devops/cafeautoscaler/pkg/autoscaler/aggregate/autoscaler.go:679.2,684.44 5 1
gitlab.alipay-inc.com/antcloud-devops/cafeautoscaler/pkg/autoscaler/aggregate/autoscaler.go:690.2,691.66 2 1
gitlab.alipay-inc.com/antcloud-devops/cafeautoscaler/pkg/autoscaler/aggregate/autoscaler.go:694.2,694.70 1 1
gitlab.alipay-inc.com/antcloud-devops/cafeautoscaler/pkg/autoscaler/aggregate/autoscaler.go:674.26,677.3 2 1
gitlab.alipay-inc.com/antcloud-devops/cafeautoscaler/pkg/autoscaler/aggregate/autoscaler.go:684.44,686.3 1 1
gitlab.alipay-inc.com/antcloud-devops/cafeautoscaler/pkg/autoscaler/aggregate/autoscaler.go:686.8,686.51 1 1
gitlab.alipay-inc.com/antcloud-devops/cafeautoscaler/pkg/autoscaler/aggregate/autoscaler.go:686.51,688.3 1 1
gitlab.alipay-inc.com/antcloud-devops/cafeautoscaler/pkg/autoscaler/aggregate/autoscaler.go:691.66,693.3 1 1
gitlab.alipay-inc.com/antcloud-devops/cafeautoscaler/pkg/autoscaler/aggregate/autoscaler.go:694.70,696.3 1 1
gitlab.alipay-inc.com/antcloud-devops/cafeautoscaler/pkg/autoscaler/aggregate/autoscaler.go:699.123,700.26 1 1
gitlab.alipay-inc.com/antcloud-devops/cafeautoscaler/pkg/autoscaler/aggregate/autoscaler.go:704.2,708.44 5 1
gitlab.alipay-inc.com/antcloud-devops/cafeautoscaler/pkg/autoscaler/aggregate/autoscaler.go:713.2,715.35 2 1
gitlab.alipay-inc.com/antcloud-devops/cafeautoscaler/pkg/autoscaler/aggregate/autoscaler.go:700.26,703.3 2 1
gitlab.alipay-inc.com/antcloud-devops/cafeautoscaler/pkg/autoscaler/aggregate/autoscaler.go:708.44,710.3 1 1
gitlab.alipay-inc.com/antcloud-devops/cafeautoscaler/pkg/autoscaler/aggregate/autoscaler.go:710.8,710.51 1 1
gitlab.alipay-inc.com/antcloud-devops/cafeautoscaler/pkg/autoscaler/aggregate/autoscaler.go:710.51,712.3 1 1
gitlab.alipay-inc.com/antcloud-devops/cafeautoscaler/pkg/autoscaler/aggregate/autoscaler.go:715.35,716.67 1 1
gitlab.alipay-inc.com/antcloud-devops/cafeautoscaler/pkg/autoscaler/aggregate/autoscaler.go:716.68,717.4 0 0
gitlab.alipay-inc.com/antcloud-devops/cafeautoscaler/pkg/autoscaler/aggregate/autoscaler.go:717.9,717.73 1 1
gitlab.alipay-inc.com/antcloud-devops/cafeautoscaler/pkg/autoscaler/aggregate/autoscaler.go:717.74,718.4 0 0
gitlab.alipay-inc.com/antcloud-devops/cafeautoscaler/pkg/autoscaler/aggregate/autoscaler.go:718.9,718.71 1 1
gitlab.alipay-inc.com/antcloud-devops/cafeautoscaler/pkg/autoscaler/aggregate/autoscaler.go:718.72,719.4 0 0
gitlab.alipay-inc.com/antcloud-devops/cafeautoscaler/pkg/autoscaler/aggregate/autoscaler.go:720.8,720.40 1 1
gitlab.alipay-inc.com/antcloud-devops/cafeautoscaler/pkg/autoscaler/aggregate/autoscaler.go:720.40,721.65 1 1
gitlab.alipay-inc.com/antcloud-devops/cafeautoscaler/pkg/autoscaler/aggregate/autoscaler.go:721.66,722.4 0 0
gitlab.alipay-inc.com/antcloud-devops/cafeautoscaler/pkg/autoscaler/aggregate/autoscaler.go:722.9,722.71 1 1
gitlab.alipay-inc.com/antcloud-devops/cafeautoscaler/pkg/autoscaler/aggregate/autoscaler.go:722.72,723.4 0 0
gitlab.alipay-inc.com/antcloud-devops/cafeautoscaler/pkg/autoscaler/aggregate/autoscaler.go:723.9,723.69 1 1
gitlab.alipay-inc.com/antcloud-devops/cafeautoscaler/pkg/autoscaler/aggregate/autoscaler.go:723.70,724.4 0 0
gitlab.alipay-inc.com/antcloud-devops/cafeautoscaler/pkg/autoscaler/aggregate/autoscaler.go:728.55,732.2 3 1
gitlab.alipay-inc.com/antcloud-devops/cafeautoscaler/pkg/autoscaler/aggregate/autoscaler.go:735.126,738.69 3 1
gitlab.alipay-inc.com/antcloud-devops/cafeautoscaler/pkg/autoscaler/aggregate/autoscaler.go:745.2,745.46 1 1
gitlab.alipay-inc.com/antcloud-devops/cafeautoscaler/pkg/autoscaler/aggregate/autoscaler.go:762.2,769.92 5 1
gitlab.alipay-inc.com/antcloud-devops/cafeautoscaler/pkg/autoscaler/aggregate/autoscaler.go:781.2,782.100 1 1
gitlab.alipay-inc.com/antcloud-devops/cafeautoscaler/pkg/autoscaler/aggregate/autoscaler.go:787.2,787.113 1 1
gitlab.alipay-inc.com/antcloud-devops/cafeautoscaler/pkg/autoscaler/aggregate/autoscaler.go:738.69,743.3 4 0
gitlab.alipay-inc.com/antcloud-devops/cafeautoscaler/pkg/autoscaler/aggregate/autoscaler.go:745.46,748.3 2 0
gitlab.alipay-inc.com/antcloud-devops/cafeautoscaler/pkg/autoscaler/aggregate/autoscaler.go:748.8,748.59 1 1
gitlab.alipay-inc.com/antcloud-devops/cafeautoscaler/pkg/autoscaler/aggregate/autoscaler.go:748.59,751.3 2 0
gitlab.alipay-inc.com/antcloud-devops/cafeautoscaler/pkg/autoscaler/aggregate/autoscaler.go:751.8,751.58 1 1
gitlab.alipay-inc.com/antcloud-devops/cafeautoscaler/pkg/autoscaler/aggregate/autoscaler.go:751.58,754.3 2 0
gitlab.alipay-inc.com/antcloud-devops/cafeautoscaler/pkg/autoscaler/aggregate/autoscaler.go:754.8,754.66 1 1
gitlab.alipay-inc.com/antcloud-devops/cafeautoscaler/pkg/autoscaler/aggregate/autoscaler.go:754.66,757.3 2 0
gitlab.alipay-inc.com/antcloud-devops/cafeautoscaler/pkg/autoscaler/aggregate/autoscaler.go:757.8,757.79 1 1
gitlab.alipay-inc.com/antcloud-devops/cafeautoscaler/pkg/autoscaler/aggregate/autoscaler.go:757.79,760.3 2 0
gitlab.alipay-inc.com/antcloud-devops/cafeautoscaler/pkg/autoscaler/aggregate/autoscaler.go:769.92,771.103 1 1
gitlab.alipay-inc.com/antcloud-devops/cafeautoscaler/pkg/autoscaler/aggregate/autoscaler.go:776.3,776.108 1 1
gitlab.alipay-inc.com/antcloud-devops/cafeautoscaler/pkg/autoscaler/aggregate/autoscaler.go:771.103,775.4 2 0
gitlab.alipay-inc.com/antcloud-devops/cafeautoscaler/pkg/autoscaler/aggregate/autoscaler.go:782.100,786.3 2 1
[...]
gitlab.alipay-inc.com/antcloud-devops/cafeautoscaler/pkg/autoscaler/scalehandler/serverlesspaas/scale_handler.go:170.16,172.3 1 0
gitlab.alipay-inc.com/antcloud-devops/cafeautoscaler/pkg/autoscaler/scalehandler/serverlesspaas/scale_handler_request.go:20.157,43.16 9 1
gitlab.alipay-inc.com/antcloud-devops/cafeautoscaler/pkg/autoscaler/scalehandler/serverlesspaas/scale_handler_request.go:47.2,48.16 2 1
gitlab.alipay-inc.com/antcloud-devops/cafeautoscaler/pkg/autoscaler/scalehandler/serverlesspaas/scale_handler_request.go:52.2,55.21 4 1
gitlab.alipay-inc.com/antcloud-devops/cafeautoscaler/pkg/autoscaler/scalehandler/serverlesspaas/scale_handler_request.go:43.16,45.3 1 0
gitlab.alipay-inc.com/antcloud-devops/cafeautoscaler/pkg/autoscaler/scalehandler/serverlesspaas/scale_handler_request.go:48.16,50.3 1 0
gitlab.alipay-inc.com/antcloud-devops/cafeautoscaler/pkg/autoscaler/scalehandler/serverlesspaas/zz_generated.deepcopy.go:23.69,26.2 2 1
gitlab.alipay-inc.com/antcloud-devops/cafeautoscaler/pkg/autoscaler/scalehandler/serverlesspaas/zz_generated.deepcopy.go:29.62,30.15 1 1
gitlab.alipay-inc.com/antcloud-devops/cafeautoscaler/pkg/autoscaler/scalehandler/serverlesspaas/zz_generated.deepcopy.go:33.2,35.12 3 1
gitlab.alipay-inc.com/antcloud-devops/cafeautoscaler/pkg/autoscaler/scalehandler/serverlesspaas/zz_generated.deepcopy.go:30.15,32.3 1 0
gitlab.alipay-inc.com/antcloud-devops/cafeautoscaler/cmd/util/features.go:43.27,52.2 3 0
gitlab.alipay-inc.com/antcloud-devops/cafeautoscaler/cmd/util/leader_election.go:64.118,76.65 4 0
gitlab.alipay-inc.com/antcloud-devops/cafeautoscaler/cmd/util/leader_election.go:87.2,89.11 3 0
gitlab.alipay-inc.com/antcloud-devops/cafeautoscaler/cmd/util/leader_election.go:76.65,85.3 1 0
gitlab.alipay-inc.com/antcloud-devops/cafeautoscaler/cmd/util/leader_election.go:92.59,95.15 2 0
gitlab.alipay-inc.com/antcloud-devops/cafeautoscaler/cmd/util/leader_election.go:100.2,101.16 2 0
gitlab.alipay-inc.com/antcloud-devops/cafeautoscaler/cmd/util/leader_election.go:105.2,106.16 2 0
gitlab.alipay-inc.com/antcloud-devops/cafeautoscaler/cmd/util/leader_election.go:109.2,113.16 4 0
gitlab.alipay-inc.com/antcloud-devops/cafeautoscaler/cmd/util/leader_election.go:117.2,117.39 1 0
gitlab.alipay-inc.com/antcloud-devops/cafeautoscaler/cmd/util/leader_election.go:95.15,98.3 2 0
gitlab.alipay-inc.com/antcloud-devops/cafeautoscaler/cmd/util/leader_election.go:101.16,103.3 1 0
gitlab.alipay-inc.com/antcloud-devops/cafeautoscaler/cmd/util/leader_election.go:106.16,108.3 1 0
gitlab.alipay-inc.com/antcloud-devops/cafeautoscaler/cmd/util/leader_election.go:113.16,115.3 1 0
gitlab.alipay-inc.com/antcloud-devops/cafeautoscaler/cmd/util/leader_election.go:122.83,124.16 2 0
gitlab.alipay-inc.com/antcloud-devops/cafeautoscaler/cmd/util/leader_election.go:127.2,127.25 1 0
gitlab.alipay-inc.com/antcloud-devops/cafeautoscaler/cmd/util/leader_election.go:130.2,130.15 1 0
gitlab.alipay-inc.com/antcloud-devops/cafeautoscaler/cmd/util/leader_election.go:124.16,125.13 1 0
gitlab.alipay-inc.com/antcloud-devops/cafeautoscaler/cmd/util/leader_election.go:127.25,129.3 1 0
gitlab.alipay-inc.com/antcloud-devops/cafeautoscaler/cmd/util/leader_election.go:133.45,135.16 2 0
gitlab.alipay-inc.com/antcloud-devops/cafeautoscaler/cmd/util/leader_election.go:138.2,138.31 1 0
gitlab.alipay-inc.com/antcloud-devops/cafeautoscaler/cmd/util/leader_election.go:167.2,167.53 1 0
gitlab.alipay-inc.com/antcloud-devops/cafeautoscaler/cmd/util/leader_election.go:135.16,137.3 1 0
gitlab.alipay-inc.com/antcloud-devops/cafeautoscaler/cmd/util/leader_election.go:138.31,139.34 1 0
gitlab.alipay-inc.com/antcloud-devops/cafeautoscaler/cmd/util/leader_election.go:142.3,142.40 1 0
gitlab.alipay-inc.com/antcloud-devops/cafeautoscaler/cmd/util/leader_election.go:145.3,146.17 2 0
gitlab.alipay-inc.com/antcloud-devops/cafeautoscaler/cmd/util/leader_election.go:149.3,149.30 1 0
gitlab.alipay-inc.com/antcloud-devops/cafeautoscaler/cmd/util/leader_election.go:139.34,140.12 1 0
gitlab.alipay-inc.com/antcloud-devops/cafeautoscaler/cmd/util/leader_election.go:142.40,143.12 1 0
gitlab.alipay-inc.com/antcloud-devops/cafeautoscaler/cmd/util/leader_election.go:146.17,148.4 1 0
gitlab.alipay-inc.com/antcloud-devops/cafeautoscaler/cmd/util/leader_election.go:149.30,151.28 2 0
gitlab.alipay-inc.com/antcloud-devops/cafeautoscaler/cmd/util/leader_election.go:157.4,157.36 1 0
gitlab.alipay-inc.com/antcloud-devops/cafeautoscaler/cmd/util/leader_election.go:160.4,161.17 2 0
gitlab.alipay-inc.com/antcloud-devops/cafeautoscaler/cmd/util/leader_election.go:164.4,164.27 1 0
gitlab.alipay-inc.com/antcloud-devops/cafeautoscaler/cmd/util/leader_election.go:152.20,153.14 1 0
gitlab.alipay-inc.com/antcloud-devops/cafeautoscaler/cmd/util/leader_election.go:154.21,155.14 1 0
gitlab.alipay-inc.com/antcloud-devops/cafeautoscaler/cmd/util/leader_election.go:157.36,158.13 1 0
gitlab.alipay-inc.com/antcloud-devops/cafeautoscaler/cmd/util/leader_election.go:161.17,162.13 1 0
gitlab.alipay-inc.com/antcloud-devops/cafeautoscaler/cmd/util/leader_election.go:170.133,181.16 4 0
gitlab.alipay-inc.com/antcloud-devops/cafeautoscaler/cmd/util/leader_election.go:184.2,190.48 1 0
gitlab.alipay-inc.com/antcloud-devops/cafeautoscaler/cmd/util/leader_election.go:181.16,183.3 1 0
gitlab.alipay-inc.com/antcloud-devops/cafeautoscaler/cmd/util/leader_election.go:190.48,193.24 3 0
gitlab.alipay-inc.com/antcloud-devops/cafeautoscaler/cmd/util/leader_election.go:198.5,199.37 2 0
gitlab.alipay-inc.com/antcloud-devops/cafeautoscaler/cmd/util/leader_election.go:202.5,202.53 1 0
gitlab.alipay-inc.com/antcloud-devops/cafeautoscaler/cmd/util/leader_election.go:193.24,197.6 3 0
gitlab.alipay-inc.com/antcloud-devops/cafeautoscaler/cmd/util/leader_election.go:199.37,201.6 1 0
gitlab.alipay-inc.com/antcloud-devops/cafeautoscaler/cmd/util/leader_election.go:204.29,206.5 1 0
gitlab.alipay-inc.com/antcloud-devops/cafeautoscaler/pkg/autoscaler/scaler/scale_result.go:29.50,31.2 1 0
gitlab.alipay-inc.com/antcloud-devops/cafeautoscaler/pkg/autoscaler/scaler/scale_result.go:33.52,35.2 1 0
gitlab.alipay-inc.com/antcloud-devops/cafeautoscaler/pkg/autoscaler/scaler/scale_result.go:37.51,38.21 1 1
gitlab.alipay-inc.com/antcloud-devops/cafeautoscaler/pkg/autoscaler/scaler/scale_result.go:38.21,40.3 1 1
gitlab.alipay-inc.com/antcloud-devops/cafeautoscaler/pkg/autoscaler/scaler/scale_result.go:43.61,44.26 1 1
gitlab.alipay-inc.com/antcloud-devops/cafeautoscaler/pkg/autoscaler/scaler/scale_result.go:44.26,46.3 1 1
gitlab.alipay-inc.com/antcloud-devops/cafeautoscaler/pkg/autoscaler/scaler/scale_result.go:49.50,53.2 3 1
gitlab.alipay-inc.com/antcloud-devops/cafeautoscaler/pkg/autoscaler/scaler/scale_result.go:55.82,61.2 5 1
gitlab.alipay-inc.com/antcloud-devops/cafeautoscaler/pkg/autoscaler/scaler/scale_result.go:63.93,69.2 5 1
gitlab.alipay-inc.com/antcloud-devops/cafeautoscaler/pkg/autoscaler/scaler/scale_result.go:71.101,77.2 5 1
gitlab.alipay-inc.com/antcloud-devops/cafeautoscaler/pkg/autoscaler/scaler/zz_generated.deepcopy.go:23.47,29.2 5 1
gitlab.alipay-inc.com/antcloud-devops/cafeautoscaler/pkg/autoscaler/scaler/zz_generated.deepcopy.go:32.40,33.15 1 1
gitlab.alipay-inc.com/antcloud-devops/cafeautoscaler/pkg/autoscaler/scaler/zz_generated.deepcopy.go:36.2,38.12 3 1
gitlab.alipay-inc.com/antcloud-devops/cafeautoscaler/pkg/autoscaler/scaler/zz_generated.deepcopy.go:33.15,35.3 1 0
gitlab.alipay-inc.com/antcloud-devops/cafeautoscaler/pkg/autoscaler/scaler/zz_generated.deepcopy.go:42.55,44.22 2 1
gitlab.alipay-inc.com/antcloud-devops/cafeautoscaler/pkg/autoscaler/scaler/zz_generated.deepcopy.go:51.2,54.8 4 1
gitlab.alipay-inc.com/antcloud-devops/cafeautoscaler/pkg/autoscaler/scaler/zz_generated.deepcopy.go:44.22,47.29 3 0
gitlab.alipay-inc.com/antcloud-devops/cafeautoscaler/pkg/autoscaler/scaler/zz_generated.deepcopy.go:47.29,49.4 1 0
gitlab.alipay-inc.com/antcloud-devops/cafeautoscaler/pkg/autoscaler/scaler/zz_generated.deepcopy.go:58.48,59.15 1 0
gitlab.alipay-inc.com/antcloud-devops/cafeautoscaler/pkg/autoscaler/scaler/zz_generated.deepcopy.go:62.2,64.12 3 0
gitlab.alipay-inc.com/antcloud-devops/cafeautoscaler/pkg/autoscaler/scaler/zz_generated.deepcopy.go:59.15,61.3 1 0
gitlab.alipay-inc.com/antcloud-devops/cafeautoscaler/pkg/autoscaler/scaler/multiscaler.go:83.54,84.65 1 1
gitlab.alipay-inc.com/antcloud-devops/cafeautoscaler/pkg/autoscaler/scaler/multiscaler.go:84.65,86.3 1 0
gitlab.alipay-inc.com/antcloud-devops/cafeautoscaler/pkg/autoscaler/scaler/multiscaler.go:86.8,86.148 1 1
gitlab.alipay-inc.com/antcloud-devops/cafeautoscaler/pkg/autoscaler/scaler/multiscaler.go:86.148,88.3 1 0
gitlab.alipay-inc.com/antcloud-devops/cafeautoscaler/pkg/autoscaler/scaler/multiscaler.go:88.8,90.3 1 1
gitlab.alipay-inc.com/antcloud-devops/cafeautoscaler/pkg/autoscaler/scaler/multiscaler.go:133.47,138.2 4 1
gitlab.alipay-inc.com/antcloud-devops/cafeautoscaler/pkg/autoscaler/scaler/multiscaler.go:140.49,143.2 2 1
gitlab.alipay-inc.com/antcloud-devops/cafeautoscaler/pkg/autoscaler/scaler/multiscaler.go:145.68,147.58 2 1
gitlab.alipay-inc.com/antcloud-devops/cafeautoscaler/pkg/autoscaler/scaler/multiscaler.go:156.2,156.14 1 0
gitlab.alipay-inc.com/antcloud-devops/cafeautoscaler/pkg/autoscaler/scaler/multiscaler.go:147.58,148.77 1 1
gitlab.alipay-inc.com/antcloud-devops/cafeautoscaler/pkg/autoscaler/scaler/multiscaler.go:154.3,154.14 1 1
gitlab.alipay-inc.com/antcloud-devops/cafeautoscaler/pkg/autoscaler/scaler/multiscaler.go:148.77,151.4 2 1
gitlab.alipay-inc.com/antcloud-devops/cafeautoscaler/pkg/autoscaler/scaler/multiscaler.go:151.9,153.4 1 1
gitlab.alipay-inc.com/antcloud-devops/cafeautoscaler/pkg/autoscaler/scaler/multiscaler.go:174.55,178.2 3 1
gitlab.alipay-inc.com/antcloud-devops/cafeautoscaler/pkg/autoscaler/scaler/multiscaler.go:180.60,184.2 3 0
gitlab.alipay-inc.com/antcloud-devops/cafeautoscaler/pkg/autoscaler/scaler/multiscaler.go:186.64,190.2 3 1
gitlab.alipay-inc.com/antcloud-devops/cafeautoscaler/pkg/autoscaler/scaler/multiscaler.go:192.48,194.15 2 1
gitlab.alipay-inc.com/antcloud-devops/cafeautoscaler/pkg/autoscaler/scaler/multiscaler.go:195.2,195.16 1 1
gitlab.alipay-inc.com/antcloud-devops/cafeautoscaler/pkg/autoscaler/scaler/multiscaler.go:207.2,207.12 1 1
gitlab.alipay-inc.com/antcloud-devops/cafeautoscaler/pkg/autoscaler/scaler/multiscaler.go:194.15,194.40 1 1
gitlab.alipay-inc.com/antcloud-devops/cafeautoscaler/pkg/autoscaler/scaler/multiscaler.go:195.16,198.79 3 1
gitlab.alipay-inc.com/antcloud-devops/cafeautoscaler/pkg/autoscaler/scaler/multiscaler.go:203.3,203.17 1 1
gitlab.alipay-inc.com/antcloud-devops/cafeautoscaler/pkg/autoscaler/scaler/multiscaler.go:198.79,202.4 3 1
gitlab.alipay-inc.com/antcloud-devops/cafeautoscaler/pkg/autoscaler/scaler/multiscaler.go:203.17,205.4 1 1
gitlab.alipay-inc.com/antcloud-devops/cafeautoscaler/pkg/autoscaler/scaler/multiscaler.go:210.74,214.2 3 1
gitlab.alipay-inc.com/antcloud-devops/cafeautoscaler/pkg/autoscaler/scaler/multiscaler.go:216.32,218.2 1 1
gitlab.alipay-inc.com/antcloud-devops/cafeautoscaler/pkg/autoscaler/scaler/multiscaler.go:220.107,224.48 4 1
gitlab.alipay-inc.com/antcloud-devops/cafeautoscaler/pkg/autoscaler/scaler/multiscaler.go:232.2,236.12 3 1
gitlab.alipay-inc.com/antcloud-devops/cafeautoscaler/pkg/autoscaler/scaler/multiscaler.go:224.48,229.3 4 1
gitlab.alipay-inc.com/antcloud-devops/cafeautoscaler/pkg/autoscaler/scaler/multiscaler.go:239.112,243.53 4 0
gitlab.alipay-inc.com/antcloud-devops/cafeautoscaler/pkg/autoscaler/scaler/multiscaler.go:251.2,255.12 3 0
gitlab.alipay-inc.com/antcloud-devops/cafeautoscaler/pkg/autoscaler/scaler/multiscaler.go:243.53,248.3 4 0
gitlab.alipay-inc.com/antcloud-devops/cafeautoscaler/pkg/autoscaler/scaler/multiscaler.go:278.42,286.2 1 1
gitlab.alipay-inc.com/antcloud-devops/cafeautoscaler/pkg/autoscaler/scaler/multiscaler.go:289.90,294.13 5 1
gitlab.alipay-inc.com/antcloud-devops/cafeautoscaler/pkg/autoscaler/scaler/multiscaler.go:298.2,300.42 3 1
gitlab.alipay-inc.com/antcloud-devops/cafeautoscaler/pkg/autoscaler/scaler/multiscaler.go:294.13,297.3 1 1
gitlab.alipay-inc.com/antcloud-devops/cafeautoscaler/pkg/autoscaler/scaler/multiscaler.go:304.87,309.13 5 1
gitlab.alipay-inc.com/antcloud-devops/cafeautoscaler/pkg/autoscaler/scaler/multiscaler.go:317.2,319.42 3 1
gitlab.alipay-inc.com/antcloud-devops/cafeautoscaler/pkg/autoscaler/scaler/multiscaler.go:309.13,312.17 3 1
gitlab.alipay-inc.com/antcloud-devops/cafeautoscaler/pkg/autoscaler/scaler/multiscaler.go:315.3,315.26 1 1
gitlab.alipay-inc.com/antcloud-devops/cafeautoscaler/pkg/autoscaler/scaler/multiscaler.go:312.17,314.4 1 0
gitlab.alipay-inc.com/antcloud-devops/cafeautoscaler/pkg/autoscaler/scaler/multiscaler.go:323.87,327.46 4 1
gitlab.alipay-inc.com/antcloud-devops/cafeautoscaler/pkg/autoscaler/scaler/multiscaler.go:340.2,340.78 1 0
gitlab.alipay-inc.com/antcloud-devops/cafeautoscaler/pkg/autoscaler/scaler/multiscaler.go:327.46,334.17 7 1
gitlab.alipay-inc.com/antcloud-devops/cafeautoscaler/pkg/autoscaler/scaler/multiscaler.go:337.3,337.22 1 1
gitlab.alipay-inc.com/antcloud-devops/cafeautoscaler/pkg/autoscaler/scaler/multiscaler.go:334.17,336.4 1 0
gitlab.alipay-inc.com/antcloud-devops/cafeautoscaler/pkg/autoscaler/scaler/multiscaler.go:343.102,346.40 3 1
gitlab.alipay-inc.com/antcloud-devops/cafeautoscaler/pkg/autoscaler/scaler/multiscaler.go:346.40,348.3 1 1
gitlab.alipay-inc.com/antcloud-devops/cafeautoscaler/pkg/autoscaler/scaler/multiscaler.go:352.81,357.46 5 1
gitlab.alipay-inc.com/antcloud-devops/cafeautoscaler/pkg/autoscaler/scaler/multiscaler.go:362.2,362.12 1 1
gitlab.alipay-inc.com/antcloud-devops/cafeautoscaler/pkg/autoscaler/scaler/multiscaler.go:357.46,361.3 2 1
gitlab.alipay-inc.com/antcloud-devops/cafeautoscaler/pkg/autoscaler/scaler/multiscaler.go:366.46,370.22 3 1
gitlab.alipay-inc.com/antcloud-devops/cafeautoscaler/pkg/autoscaler/scaler/multiscaler.go:373.2,373.16 1 1
gitlab.alipay-inc.com/antcloud-devops/cafeautoscaler/pkg/autoscaler/scaler/multiscaler.go:370.22,372.3 1 0
gitlab.alipay-inc.com/antcloud-devops/cafeautoscaler/pkg/autoscaler/scaler/multiscaler.go:377.49,381.22 3 1
gitlab.alipay-inc.com/antcloud-devops/cafeautoscaler/pkg/autoscaler/scaler/multiscaler.go:385.2,385.14 1 1
gitlab.alipay-inc.com/antcloud-devops/cafeautoscaler/pkg/autoscaler/scaler/multiscaler.go:381.22,384.3 2 1
gitlab.alipay-inc.com/antcloud-devops/cafeautoscaler/pkg/autoscaler/scaler/multiscaler.go:388.79,391.16 3 1
gitlab.alipay-inc.com/antcloud-devops/cafeautoscaler/pkg/autoscaler/scaler/multiscaler.go:396.2,397.41 2 1
gitlab.alipay-inc.com/antcloud-devops/cafeautoscaler/pkg/autoscaler/scaler/multiscaler.go:391.16,393.3 1 1
gitlab.alipay-inc.com/antcloud-devops/cafeautoscaler/pkg/autoscaler/scaler/multiscaler.go:393.8,395.3 1 0
gitlab.alipay-inc.com/antcloud-devops/cafeautoscaler/pkg/autoscaler/scaler/multiscaler.go:400.82,405.12 5 1
gitlab.alipay-inc.com/antcloud-devops/cafeautoscaler/pkg/autoscaler/scaler/multiscaler.go:405.12,406.16 1 1
gitlab.alipay-inc.com/antcloud-devops/cafeautoscaler/pkg/autoscaler/scaler/multiscaler.go:412.3,413.7 2 1
gitlab.alipay-inc.com/antcloud-devops/cafeautoscaler/pkg/autoscaler/scaler/multiscaler.go:406.16,410.4 3 1
gitlab.alipay-inc.com/antcloud-devops/cafeautoscaler/pkg/autoscaler/scaler/multiscaler.go:413.7,414.11 1 1
gitlab.alipay-inc.com/antcloud-devops/cafeautoscaler/pkg/autoscaler/scaler/multiscaler.go:415.27,416.11 1 1
gitlab.alipay-inc.com/antcloud-devops/cafeautoscaler/pkg/autoscaler/scaler/multiscaler.go:417.20,418.56 1 1
gitlab.alipay-inc.com/antcloud-devops/cafeautoscaler/pkg/autoscaler/scaler/multiscaler.go:419.25,420.56 1 1
gitlab.alipay-inc.com/antcloud-devops/cafeautoscaler/pkg/autoscaler/scaler/multiscaler.go:421.12,423.26 2 1
gitlab.alipay-inc.com/antcloud-devops/cafeautoscaler/pkg/autoscaler/scaler/multiscaler.go:423.26,425.6 1 1
gitlab.alipay-inc.com/antcloud-devops/cafeautoscaler/pkg/autoscaler/scaler/multiscaler.go:431.98,433.16 2 1
gitlab.alipay-inc.com/antcloud-devops/cafeautoscaler/pkg/autoscaler/scaler/multiscaler.go:437.2,457.20 5 1
gitlab.alipay-inc.com/antcloud-devops/cafeautoscaler/pkg/autoscaler/scaler/multiscaler.go:433.16,435.3 1 0
gitlab.alipay-inc.com/antcloud-devops/cafeautoscaler/pkg/autoscaler/scaler/multiscaler.go:460.127,468.16 6 1
gitlab.alipay-inc.com/antcloud-devops/cafeautoscaler/pkg/autoscaler/scaler/multiscaler.go:472.2,473.29 2 1
gitlab.alipay-inc.com/antcloud-devops/cafeautoscaler/pkg/autoscaler/scaler/multiscaler.go:476.2,480.35 4 1
gitlab.alipay-inc.com/antcloud-devops/cafeautoscaler/pkg/autoscaler/scaler/multiscaler.go:503.2,509.41 6 1
gitlab.alipay-inc.com/antcloud-devops/cafeautoscaler/pkg/autoscaler/scaler/multiscaler.go:515.2,516.35 2 1
gitlab.alipay-inc.com/antcloud-devops/cafeautoscaler/pkg/autoscaler/scaler/multiscaler.go:521.2,521.41 1 1
gitlab.alipay-inc.com/antcloud-devops/cafeautoscaler/pkg/autoscaler/scaler/multiscaler.go:535.2,536.54 2 1
gitlab.alipay-inc.com/antcloud-devops/cafeautoscaler/pkg/autoscaler/scaler/multiscaler.go:540.2,542.22 2 1
gitlab.alipay-inc.com/antcloud-devops/cafeautoscaler/pkg/autoscaler/scaler/multiscaler.go:547.2,547.84 1 1
gitlab.alipay-inc.com/antcloud-devops/cafeautoscaler/pkg/autoscaler/scaler/multiscaler.go:468.16,471.3 2 0
gitlab.alipay-inc.com/antcloud-devops/cafeautoscaler/pkg/autoscaler/scaler/multiscaler.go:473.29,475.3 1 1
gitlab.alipay-inc.com/antcloud-devops/cafeautoscaler/pkg/autoscaler/scaler/multiscaler.go:480.35,487.55 5 0
gitlab.alipay-inc.com/antcloud-devops/cafeautoscaler/pkg/autoscaler/scaler/multiscaler.go:487.55,492.18 2 0
gitlab.alipay-inc.com/antcloud-devops/cafeautoscaler/pkg/autoscaler/scaler/multiscaler.go:492.18,494.5 1 0
gitlab.alipay-inc.com/antcloud-devops/cafeautoscaler/pkg/autoscaler/scaler/multiscaler.go:494.10,496.5 1 0
gitlab.alipay-inc.com/antcloud-devops/cafeautoscaler/pkg/autoscaler/scaler/multiscaler.go:499.8,501.3 1 1
gitlab.alipay-inc.com/antcloud-devops/cafeautoscaler/pkg/autoscaler/scaler/multiscaler.go:509.41,511.35 2 0
gitlab.alipay-inc.com/antcloud-devops/cafeautoscaler/pkg/autoscaler/scaler/multiscaler.go:511.35,513.4 1 0
gitlab.alipay-inc.com/antcloud-devops/cafeautoscaler/pkg/autoscaler/scaler/multiscaler.go:516.35,518.3 1 1
gitlab.alipay-inc.com/antcloud-devops/cafeautoscaler/pkg/autoscaler/scaler/multiscaler.go:521.41,523.36 2 0
gitlab.alipay-inc.com/antcloud-devops/cafeautoscaler/pkg/autoscaler/scaler/multiscaler.go:532.3,532.9 1 0
gitlab.alipay-inc.com/antcloud-devops/cafeautoscaler/pkg/autoscaler/scaler/multiscaler.go:523.36,525.103 2 0
gitlab.alipay-inc.com/antcloud-devops/cafeautoscaler/pkg/autoscaler/scaler/multiscaler.go:525.103,527.19 2 0
gitlab.alipay-inc.com/antcloud-devops/cafeautoscaler/pkg/autoscaler/scaler/multiscaler.go:527.19,529.6 1 0
gitlab.alipay-inc.com/antcloud-devops/cafeautoscaler/pkg/autoscaler/scaler/multiscaler.go:536.54,538.3 1 0
gitlab.alipay-inc.com/antcloud-devops/cafeautoscaler/pkg/autoscaler/scaler/multiscaler.go:542.22,545.3 2 1
gitlab.alipay-inc.com/antcloud-devops/cafeautoscaler/pkg/autoscaler/scaler/multiscaler.go:547.84,553.3 2 1
gitlab.alipay-inc.com/antcloud-devops/cafeautoscaler/pkg/autoscaler/scaler/multiscaler.go:557.72,562.13 4 1
gitlab.alipay-inc.com/antcloud-devops/cafeautoscaler/pkg/autoscaler/scaler/multiscaler.go:566.2,566.80 1 1
gitlab.alipay-inc.com/antcloud-devops/cafeautoscaler/pkg/autoscaler/scaler/multiscaler.go:562.13,564.3 1 0
gitlab.alipay-inc.com/antcloud-devops/cafeautoscaler/pkg/autoscaler/scaler/multiscaler.go:566.80,568.3 1 1
gitlab.alipay-inc.com/antcloud-devops/cafeautoscaler/pkg/autoscaler/scaler/multiscaler.go:571.193,584.16 3 0
gitlab.alipay-inc.com/antcloud-devops/cafeautoscaler/pkg/autoscaler/scaler/multiscaler.go:587.2,587.12 1 0
gitlab.alipay-inc.com/antcloud-devops/cafeautoscaler/pkg/autoscaler/scaler/multiscaler.go:584.16,586.3 1 0
gitlab.alipay-inc.com/antcloud-devops/cafeautoscaler/pkg/autoscaler/scaler/multiscaler.go:590.50,593.2 2 1
